{"/Users/peterihimire/Personal/book-app-challenge/src/app.ts": {"path":"/Users/peterihimire/Personal/book-app-challenge/src/app.ts","statementMap":{"0":{"start":{"line":1,"column":0},"end":{"line":1,"column":56}},"1":{"start":{"line":2,"column":0},"end":{"line":2,"column":24}},"2":{"start":{"line":3,"column":0},"end":{"line":3,"column":41}},"3":{"start":{"line":5,"column":0},"end":{"line":5,"column":44}},"4":{"start":{"line":6,"column":0},"end":{"line":6,"column":48}},"5":{"start":{"line":7,"column":0},"end":{"line":7,"column":44}},"6":{"start":{"line":8,"column":0},"end":{"line":8,"column":61}},"7":{"start":{"line":9,"column":0},"end":{"line":9,"column":46}},"8":{"start":{"line":10,"column":0},"end":{"line":10,"column":44}},"9":{"start":{"line":12,"column":0},"end":{"line":12,"column":null}},"10":{"start":{"line":24,"column":20},"end":{"line":39,"column":2}},"11":{"start":{"line":41,"column":25},"end":{"line":41,"column":34}},"12":{"start":{"line":42,"column":0},"end":{"line":42,"column":26}},"13":{"start":{"line":45,"column":0},"end":{"line":45,"column":27}},"14":{"start":{"line":46,"column":0},"end":{"line":46,"column":24}},"15":{"start":{"line":47,"column":0},"end":{"line":47,"column":24}},"16":{"start":{"line":49,"column":0},"end":{"line":49,"column":49}},"17":{"start":{"line":50,"column":0},"end":{"line":50,"column":54}},"18":{"start":{"line":51,"column":0},"end":{"line":51,"column":50}},"19":{"start":{"line":52,"column":0},"end":{"line":52,"column":67}},"20":{"start":{"line":53,"column":0},"end":{"line":53,"column":52}},"21":{"start":{"line":54,"column":0},"end":{"line":54,"column":49}},"22":{"start":{"line":56,"column":0},"end":{"line":56,"column":22}},"23":{"start":{"line":57,"column":0},"end":{"line":57,"column":28}},"24":{"start":{"line":58,"column":0},"end":{"line":58,"column":21}},"25":{"start":{"line":59,"column":0},"end":{"line":59,"column":19}}},"fnMap":{},"branchMap":{},"s":{"0":1,"1":1,"2":1,"3":1,"4":1,"5":1,"6":1,"7":1,"8":1,"9":1,"10":1,"11":1,"12":1,"13":1,"14":1,"15":1,"16":1,"17":1,"18":1,"19":1,"20":1,"21":1,"22":1,"23":1,"24":1,"25":1},"f":{},"b":{}}
,"/Users/peterihimire/Personal/book-app-challenge/src/controllers/auth-controller.ts": {"path":"/Users/peterihimire/Personal/book-app-challenge/src/controllers/auth-controller.ts","statementMap":{"0":{"start":{"line":2,"column":0},"end":{"line":2,"column":61}},"1":{"start":{"line":3,"column":0},"end":{"line":3,"column":44}},"2":{"start":{"line":4,"column":0},"end":{"line":4,"column":28}},"3":{"start":{"line":5,"column":0},"end":{"line":5,"column":28}},"4":{"start":{"line":6,"column":0},"end":{"line":6,"column":36}},"5":{"start":{"line":7,"column":0},"end":{"line":7,"column":53}},"6":{"start":{"line":9,"column":0},"end":{"line":9,"column":73}},"7":{"start":{"line":11,"column":0},"end":{"line":11,"column":16}},"8":{"start":{"line":16,"column":40},"end":{"line":65,"column":1}},"9":{"start":{"line":17,"column":30},"end":{"line":17,"column":38}},"10":{"start":{"line":19,"column":2},"end":{"line":64,"column":3}},"11":{"start":{"line":20,"column":19},"end":{"line":20,"column":40}},"12":{"start":{"line":21,"column":4},"end":{"line":23,"column":5}},"13":{"start":{"line":22,"column":6},"end":{"line":22,"column":62}},"14":{"start":{"line":25,"column":23},"end":{"line":25,"column":51}},"15":{"start":{"line":27,"column":4},"end":{"line":34,"column":5}},"16":{"start":{"line":28,"column":6},"end":{"line":33,"column":8}},"17":{"start":{"line":36,"column":17},"end":{"line":36,"column":39}},"18":{"start":{"line":37,"column":28},"end":{"line":37,"column":61}},"19":{"start":{"line":39,"column":20},"end":{"line":42,"column":6}},"20":{"start":{"line":44,"column":25},"end":{"line":44,"column":52}},"21":{"start":{"line":46,"column":4},"end":{"line":51,"column":5}},"22":{"start":{"line":47,"column":6},"end":{"line":50,"column":8}},"23":{"start":{"line":52,"column":56},"end":{"line":52,"column":68}},"24":{"start":{"line":54,"column":4},"end":{"line":58,"column":7}},"25":{"start":{"line":60,"column":4},"end":{"line":62,"column":5}},"26":{"start":{"line":61,"column":6},"end":{"line":61,"column":57}},"27":{"start":{"line":63,"column":4},"end":{"line":63,"column":16}},"28":{"start":{"line":16,"column":13},"end":{"line":16,"column":40}},"29":{"start":{"line":70,"column":37},"end":{"line":137,"column":1}},"30":{"start":{"line":71,"column":20},"end":{"line":71,"column":28}},"31":{"start":{"line":72,"column":28},"end":{"line":72,"column":45}},"32":{"start":{"line":74,"column":2},"end":{"line":136,"column":3}},"33":{"start":{"line":75,"column":23},"end":{"line":75,"column":51}},"34":{"start":{"line":77,"column":4},"end":{"line":84,"column":5}},"35":{"start":{"line":78,"column":6},"end":{"line":83,"column":8}},"36":{"start":{"line":86,"column":27},"end":{"line":88,"column":null}},"37":{"start":{"line":91,"column":4},"end":{"line":98,"column":5}},"38":{"start":{"line":92,"column":6},"end":{"line":97,"column":8}},"39":{"start":{"line":101,"column":20},"end":{"line":101,"column":39}},"40":{"start":{"line":102,"column":4},"end":{"line":104,"column":5}},"41":{"start":{"line":103,"column":6},"end":{"line":103,"column":77}},"42":{"start":{"line":106,"column":18},"end":{"line":112,"column":null}},"43":{"start":{"line":116,"column":4},"end":{"line":122,"column":7}},"44":{"start":{"line":124,"column":40},"end":{"line":124,"column":50}},"45":{"start":{"line":126,"column":4},"end":{"line":130,"column":7}},"46":{"start":{"line":132,"column":4},"end":{"line":134,"column":5}},"47":{"start":{"line":133,"column":6},"end":{"line":133,"column":57}},"48":{"start":{"line":135,"column":4},"end":{"line":135,"column":16}},"49":{"start":{"line":70,"column":13},"end":{"line":70,"column":37}},"50":{"start":{"line":142,"column":38},"end":{"line":153,"column":1}},"51":{"start":{"line":143,"column":2},"end":{"line":152,"column":7}},"52":{"start":{"line":142,"column":13},"end":{"line":142,"column":38}}},"fnMap":{"0":{"name":"(anonymous_1)","decl":{"start":{"line":16,"column":40},"end":{"line":16,"column":45}},"loc":{"start":{"line":16,"column":65},"end":{"line":65,"column":1}}},"1":{"name":"(anonymous_2)","decl":{"start":{"line":70,"column":37},"end":{"line":70,"column":42}},"loc":{"start":{"line":70,"column":62},"end":{"line":137,"column":1}}},"2":{"name":"(anonymous_3)","decl":{"start":{"line":142,"column":38},"end":{"line":142,"column":43}},"loc":{"start":{"line":142,"column":63},"end":{"line":153,"column":1}}}},"branchMap":{"0":{"loc":{"start":{"line":21,"column":4},"end":{"line":23,"column":5}},"type":"if","locations":[{"start":{"line":21,"column":4},"end":{"line":23,"column":5}}]},"1":{"loc":{"start":{"line":27,"column":4},"end":{"line":34,"column":5}},"type":"if","locations":[{"start":{"line":27,"column":4},"end":{"line":34,"column":5}}]},"2":{"loc":{"start":{"line":46,"column":4},"end":{"line":51,"column":5}},"type":"if","locations":[{"start":{"line":46,"column":4},"end":{"line":51,"column":5}}]},"3":{"loc":{"start":{"line":60,"column":4},"end":{"line":62,"column":5}},"type":"if","locations":[{"start":{"line":60,"column":4},"end":{"line":62,"column":5}}]},"4":{"loc":{"start":{"line":77,"column":4},"end":{"line":84,"column":5}},"type":"if","locations":[{"start":{"line":77,"column":4},"end":{"line":84,"column":5}}]},"5":{"loc":{"start":{"line":91,"column":4},"end":{"line":98,"column":5}},"type":"if","locations":[{"start":{"line":91,"column":4},"end":{"line":98,"column":5}}]},"6":{"loc":{"start":{"line":102,"column":4},"end":{"line":104,"column":5}},"type":"if","locations":[{"start":{"line":102,"column":4},"end":{"line":104,"column":5}}]},"7":{"loc":{"start":{"line":132,"column":4},"end":{"line":134,"column":5}},"type":"if","locations":[{"start":{"line":132,"column":4},"end":{"line":134,"column":5}}]}},"s":{"0":1,"1":1,"2":1,"3":1,"4":1,"5":1,"6":1,"7":1,"8":1,"9":0,"10":0,"11":0,"12":0,"13":0,"14":0,"15":0,"16":0,"17":0,"18":0,"19":0,"20":0,"21":0,"22":0,"23":0,"24":0,"25":0,"26":0,"27":0,"28":1,"29":1,"30":1,"31":1,"32":1,"33":1,"34":1,"35":0,"36":1,"37":1,"38":0,"39":1,"40":1,"41":0,"42":1,"43":1,"44":1,"45":1,"46":0,"47":0,"48":0,"49":1,"50":1,"51":0,"52":1},"f":{"0":0,"1":1,"2":0},"b":{"0":[0],"1":[0],"2":[0],"3":[0],"4":[0],"5":[0],"6":[0],"7":[0]}}
,"/Users/peterihimire/Personal/book-app-challenge/src/controllers/author-controller.ts": {"path":"/Users/peterihimire/Personal/book-app-challenge/src/controllers/author-controller.ts","statementMap":{"0":{"start":{"line":2,"column":0},"end":{"line":2,"column":28}},"1":{"start":{"line":3,"column":0},"end":{"line":3,"column":61}},"2":{"start":{"line":4,"column":0},"end":{"line":4,"column":44}},"3":{"start":{"line":5,"column":0},"end":{"line":5,"column":53}},"4":{"start":{"line":13,"column":0},"end":{"line":13,"column":null}},"5":{"start":{"line":24,"column":41},"end":{"line":62,"column":1}},"6":{"start":{"line":25,"column":35},"end":{"line":25,"column":43}},"7":{"start":{"line":27,"column":2},"end":{"line":61,"column":3}},"8":{"start":{"line":28,"column":19},"end":{"line":28,"column":40}},"9":{"start":{"line":29,"column":4},"end":{"line":31,"column":5}},"10":{"start":{"line":30,"column":6},"end":{"line":30,"column":62}},"11":{"start":{"line":33,"column":20},"end":{"line":37,"column":6}},"12":{"start":{"line":39,"column":26},"end":{"line":39,"column":53}},"13":{"start":{"line":40,"column":4},"end":{"line":40,"column":56}},"14":{"start":{"line":42,"column":4},"end":{"line":47,"column":5}},"15":{"start":{"line":43,"column":6},"end":{"line":46,"column":8}},"16":{"start":{"line":49,"column":48},"end":{"line":49,"column":61}},"17":{"start":{"line":51,"column":4},"end":{"line":55,"column":7}},"18":{"start":{"line":57,"column":4},"end":{"line":59,"column":5}},"19":{"start":{"line":58,"column":6},"end":{"line":58,"column":57}},"20":{"start":{"line":60,"column":4},"end":{"line":60,"column":16}},"21":{"start":{"line":24,"column":13},"end":{"line":24,"column":41}},"22":{"start":{"line":67,"column":42},"end":{"line":83,"column":1}},"23":{"start":{"line":68,"column":2},"end":{"line":82,"column":3}},"24":{"start":{"line":69,"column":20},"end":{"line":69,"column":42}},"25":{"start":{"line":70,"column":4},"end":{"line":70,"column":59}},"26":{"start":{"line":72,"column":4},"end":{"line":76,"column":7}},"27":{"start":{"line":78,"column":4},"end":{"line":80,"column":5}},"28":{"start":{"line":79,"column":6},"end":{"line":79,"column":57}},"29":{"start":{"line":81,"column":4},"end":{"line":81,"column":16}},"30":{"start":{"line":67,"column":13},"end":{"line":67,"column":42}},"31":{"start":{"line":88,"column":41},"end":{"line":110,"column":1}},"32":{"start":{"line":89,"column":17},"end":{"line":89,"column":27}},"33":{"start":{"line":91,"column":2},"end":{"line":109,"column":3}},"34":{"start":{"line":92,"column":19},"end":{"line":92,"column":51}},"35":{"start":{"line":93,"column":4},"end":{"line":93,"column":57}},"36":{"start":{"line":95,"column":4},"end":{"line":97,"column":5}},"37":{"start":{"line":96,"column":6},"end":{"line":96,"column":79}},"38":{"start":{"line":99,"column":4},"end":{"line":103,"column":7}},"39":{"start":{"line":105,"column":4},"end":{"line":107,"column":5}},"40":{"start":{"line":106,"column":6},"end":{"line":106,"column":57}},"41":{"start":{"line":108,"column":4},"end":{"line":108,"column":16}},"42":{"start":{"line":88,"column":13},"end":{"line":88,"column":41}},"43":{"start":{"line":115,"column":44},"end":{"line":153,"column":1}},"44":{"start":{"line":117,"column":17},"end":{"line":117,"column":27}},"45":{"start":{"line":119,"column":35},"end":{"line":119,"column":43}},"46":{"start":{"line":121,"column":2},"end":{"line":152,"column":3}},"47":{"start":{"line":122,"column":24},"end":{"line":122,"column":56}},"48":{"start":{"line":123,"column":4},"end":{"line":123,"column":57}},"49":{"start":{"line":125,"column":20},"end":{"line":129,"column":6}},"50":{"start":{"line":131,"column":26},"end":{"line":131,"column":69}},"51":{"start":{"line":132,"column":4},"end":{"line":132,"column":58}},"52":{"start":{"line":134,"column":4},"end":{"line":139,"column":5}},"53":{"start":{"line":135,"column":6},"end":{"line":138,"column":8}},"54":{"start":{"line":140,"column":62},"end":{"line":140,"column":75}},"55":{"start":{"line":142,"column":4},"end":{"line":146,"column":7}},"56":{"start":{"line":148,"column":4},"end":{"line":150,"column":5}},"57":{"start":{"line":149,"column":6},"end":{"line":149,"column":57}},"58":{"start":{"line":151,"column":4},"end":{"line":151,"column":16}},"59":{"start":{"line":115,"column":13},"end":{"line":115,"column":44}},"60":{"start":{"line":158,"column":44},"end":{"line":174,"column":1}},"61":{"start":{"line":159,"column":17},"end":{"line":159,"column":27}},"62":{"start":{"line":161,"column":2},"end":{"line":173,"column":3}},"63":{"start":{"line":162,"column":4},"end":{"line":162,"column":39}},"64":{"start":{"line":164,"column":4},"end":{"line":167,"column":7}},"65":{"start":{"line":169,"column":4},"end":{"line":171,"column":5}},"66":{"start":{"line":170,"column":6},"end":{"line":170,"column":57}},"67":{"start":{"line":172,"column":4},"end":{"line":172,"column":16}},"68":{"start":{"line":158,"column":13},"end":{"line":158,"column":44}}},"fnMap":{"0":{"name":"(anonymous_1)","decl":{"start":{"line":24,"column":41},"end":{"line":24,"column":46}},"loc":{"start":{"line":24,"column":66},"end":{"line":62,"column":1}}},"1":{"name":"(anonymous_2)","decl":{"start":{"line":67,"column":42},"end":{"line":67,"column":47}},"loc":{"start":{"line":67,"column":67},"end":{"line":83,"column":1}}},"2":{"name":"(anonymous_3)","decl":{"start":{"line":88,"column":41},"end":{"line":88,"column":46}},"loc":{"start":{"line":88,"column":66},"end":{"line":110,"column":1}}},"3":{"name":"(anonymous_4)","decl":{"start":{"line":115,"column":44},"end":{"line":115,"column":49}},"loc":{"start":{"line":115,"column":69},"end":{"line":153,"column":1}}},"4":{"name":"(anonymous_5)","decl":{"start":{"line":158,"column":44},"end":{"line":158,"column":49}},"loc":{"start":{"line":158,"column":69},"end":{"line":174,"column":1}}}},"branchMap":{"0":{"loc":{"start":{"line":29,"column":4},"end":{"line":31,"column":5}},"type":"if","locations":[{"start":{"line":29,"column":4},"end":{"line":31,"column":5}}]},"1":{"loc":{"start":{"line":42,"column":4},"end":{"line":47,"column":5}},"type":"if","locations":[{"start":{"line":42,"column":4},"end":{"line":47,"column":5}}]},"2":{"loc":{"start":{"line":57,"column":4},"end":{"line":59,"column":5}},"type":"if","locations":[{"start":{"line":57,"column":4},"end":{"line":59,"column":5}}]},"3":{"loc":{"start":{"line":78,"column":4},"end":{"line":80,"column":5}},"type":"if","locations":[{"start":{"line":78,"column":4},"end":{"line":80,"column":5}}]},"4":{"loc":{"start":{"line":95,"column":4},"end":{"line":97,"column":5}},"type":"if","locations":[{"start":{"line":95,"column":4},"end":{"line":97,"column":5}}]},"5":{"loc":{"start":{"line":105,"column":4},"end":{"line":107,"column":5}},"type":"if","locations":[{"start":{"line":105,"column":4},"end":{"line":107,"column":5}}]},"6":{"loc":{"start":{"line":134,"column":4},"end":{"line":139,"column":5}},"type":"if","locations":[{"start":{"line":134,"column":4},"end":{"line":139,"column":5}}]},"7":{"loc":{"start":{"line":148,"column":4},"end":{"line":150,"column":5}},"type":"if","locations":[{"start":{"line":148,"column":4},"end":{"line":150,"column":5}}]},"8":{"loc":{"start":{"line":169,"column":4},"end":{"line":171,"column":5}},"type":"if","locations":[{"start":{"line":169,"column":4},"end":{"line":171,"column":5}}]}},"s":{"0":1,"1":1,"2":1,"3":1,"4":1,"5":1,"6":0,"7":0,"8":0,"9":0,"10":0,"11":0,"12":0,"13":0,"14":0,"15":0,"16":0,"17":0,"18":0,"19":0,"20":0,"21":1,"22":1,"23":0,"24":0,"25":0,"26":0,"27":0,"28":0,"29":0,"30":1,"31":1,"32":0,"33":0,"34":0,"35":0,"36":0,"37":0,"38":0,"39":0,"40":0,"41":0,"42":1,"43":1,"44":0,"45":0,"46":0,"47":0,"48":0,"49":0,"50":0,"51":0,"52":0,"53":0,"54":0,"55":0,"56":0,"57":0,"58":0,"59":1,"60":1,"61":0,"62":0,"63":0,"64":0,"65":0,"66":0,"67":0,"68":1},"f":{"0":0,"1":0,"2":0,"3":0,"4":0},"b":{"0":[0],"1":[0],"2":[0],"3":[0],"4":[0],"5":[0],"6":[0],"7":[0],"8":[0]}}
,"/Users/peterihimire/Personal/book-app-challenge/src/controllers/book-controller.ts": {"path":"/Users/peterihimire/Personal/book-app-challenge/src/controllers/book-controller.ts","statementMap":{"0":{"start":{"line":2,"column":0},"end":{"line":2,"column":61}},"1":{"start":{"line":3,"column":0},"end":{"line":3,"column":44}},"2":{"start":{"line":4,"column":0},"end":{"line":4,"column":53}},"3":{"start":{"line":13,"column":0},"end":{"line":13,"column":null}},"4":{"start":{"line":24,"column":39},"end":{"line":64,"column":1}},"5":{"start":{"line":25,"column":69},"end":{"line":25,"column":77}},"6":{"start":{"line":27,"column":2},"end":{"line":63,"column":3}},"7":{"start":{"line":28,"column":19},"end":{"line":28,"column":40}},"8":{"start":{"line":29,"column":4},"end":{"line":31,"column":5}},"9":{"start":{"line":30,"column":6},"end":{"line":30,"column":62}},"10":{"start":{"line":33,"column":20},"end":{"line":39,"column":6}},"11":{"start":{"line":41,"column":24},"end":{"line":41,"column":49}},"12":{"start":{"line":42,"column":4},"end":{"line":42,"column":52}},"13":{"start":{"line":44,"column":4},"end":{"line":49,"column":5}},"14":{"start":{"line":45,"column":6},"end":{"line":48,"column":8}},"15":{"start":{"line":51,"column":48},"end":{"line":51,"column":59}},"16":{"start":{"line":53,"column":4},"end":{"line":57,"column":7}},"17":{"start":{"line":59,"column":4},"end":{"line":61,"column":5}},"18":{"start":{"line":60,"column":6},"end":{"line":60,"column":57}},"19":{"start":{"line":62,"column":4},"end":{"line":62,"column":16}},"20":{"start":{"line":24,"column":13},"end":{"line":24,"column":39}},"21":{"start":{"line":69,"column":40},"end":{"line":85,"column":1}},"22":{"start":{"line":70,"column":2},"end":{"line":84,"column":3}},"23":{"start":{"line":71,"column":18},"end":{"line":71,"column":38}},"24":{"start":{"line":72,"column":4},"end":{"line":72,"column":55}},"25":{"start":{"line":74,"column":4},"end":{"line":78,"column":7}},"26":{"start":{"line":80,"column":4},"end":{"line":82,"column":5}},"27":{"start":{"line":81,"column":6},"end":{"line":81,"column":57}},"28":{"start":{"line":83,"column":4},"end":{"line":83,"column":16}},"29":{"start":{"line":69,"column":13},"end":{"line":69,"column":40}},"30":{"start":{"line":90,"column":39},"end":{"line":112,"column":1}},"31":{"start":{"line":91,"column":17},"end":{"line":91,"column":27}},"32":{"start":{"line":93,"column":2},"end":{"line":111,"column":3}},"33":{"start":{"line":94,"column":17},"end":{"line":94,"column":47}},"34":{"start":{"line":95,"column":4},"end":{"line":95,"column":52}},"35":{"start":{"line":97,"column":4},"end":{"line":99,"column":5}},"36":{"start":{"line":98,"column":6},"end":{"line":98,"column":77}},"37":{"start":{"line":101,"column":4},"end":{"line":105,"column":7}},"38":{"start":{"line":107,"column":4},"end":{"line":109,"column":5}},"39":{"start":{"line":108,"column":6},"end":{"line":108,"column":57}},"40":{"start":{"line":110,"column":4},"end":{"line":110,"column":16}},"41":{"start":{"line":90,"column":13},"end":{"line":90,"column":39}},"42":{"start":{"line":117,"column":42},"end":{"line":157,"column":1}},"43":{"start":{"line":119,"column":17},"end":{"line":119,"column":27}},"44":{"start":{"line":120,"column":69},"end":{"line":120,"column":77}},"45":{"start":{"line":122,"column":2},"end":{"line":156,"column":3}},"46":{"start":{"line":123,"column":22},"end":{"line":123,"column":52}},"47":{"start":{"line":124,"column":4},"end":{"line":124,"column":53}},"48":{"start":{"line":126,"column":20},"end":{"line":133,"column":6}},"49":{"start":{"line":135,"column":24},"end":{"line":135,"column":65}},"50":{"start":{"line":136,"column":4},"end":{"line":136,"column":56}},"51":{"start":{"line":138,"column":4},"end":{"line":143,"column":5}},"52":{"start":{"line":139,"column":6},"end":{"line":142,"column":8}},"53":{"start":{"line":144,"column":37},"end":{"line":144,"column":48}},"54":{"start":{"line":146,"column":4},"end":{"line":150,"column":7}},"55":{"start":{"line":152,"column":4},"end":{"line":154,"column":5}},"56":{"start":{"line":153,"column":6},"end":{"line":153,"column":57}},"57":{"start":{"line":155,"column":4},"end":{"line":155,"column":16}},"58":{"start":{"line":117,"column":13},"end":{"line":117,"column":42}},"59":{"start":{"line":162,"column":42},"end":{"line":178,"column":1}},"60":{"start":{"line":163,"column":17},"end":{"line":163,"column":27}},"61":{"start":{"line":165,"column":2},"end":{"line":177,"column":3}},"62":{"start":{"line":166,"column":4},"end":{"line":166,"column":37}},"63":{"start":{"line":168,"column":4},"end":{"line":171,"column":7}},"64":{"start":{"line":173,"column":4},"end":{"line":175,"column":5}},"65":{"start":{"line":174,"column":6},"end":{"line":174,"column":57}},"66":{"start":{"line":176,"column":4},"end":{"line":176,"column":16}},"67":{"start":{"line":162,"column":13},"end":{"line":162,"column":42}}},"fnMap":{"0":{"name":"(anonymous_1)","decl":{"start":{"line":24,"column":39},"end":{"line":24,"column":44}},"loc":{"start":{"line":24,"column":64},"end":{"line":64,"column":1}}},"1":{"name":"(anonymous_2)","decl":{"start":{"line":69,"column":40},"end":{"line":69,"column":45}},"loc":{"start":{"line":69,"column":65},"end":{"line":85,"column":1}}},"2":{"name":"(anonymous_3)","decl":{"start":{"line":90,"column":39},"end":{"line":90,"column":44}},"loc":{"start":{"line":90,"column":64},"end":{"line":112,"column":1}}},"3":{"name":"(anonymous_4)","decl":{"start":{"line":117,"column":42},"end":{"line":117,"column":47}},"loc":{"start":{"line":117,"column":67},"end":{"line":157,"column":1}}},"4":{"name":"(anonymous_5)","decl":{"start":{"line":162,"column":42},"end":{"line":162,"column":47}},"loc":{"start":{"line":162,"column":67},"end":{"line":178,"column":1}}}},"branchMap":{"0":{"loc":{"start":{"line":29,"column":4},"end":{"line":31,"column":5}},"type":"if","locations":[{"start":{"line":29,"column":4},"end":{"line":31,"column":5}}]},"1":{"loc":{"start":{"line":44,"column":4},"end":{"line":49,"column":5}},"type":"if","locations":[{"start":{"line":44,"column":4},"end":{"line":49,"column":5}}]},"2":{"loc":{"start":{"line":59,"column":4},"end":{"line":61,"column":5}},"type":"if","locations":[{"start":{"line":59,"column":4},"end":{"line":61,"column":5}}]},"3":{"loc":{"start":{"line":80,"column":4},"end":{"line":82,"column":5}},"type":"if","locations":[{"start":{"line":80,"column":4},"end":{"line":82,"column":5}}]},"4":{"loc":{"start":{"line":97,"column":4},"end":{"line":99,"column":5}},"type":"if","locations":[{"start":{"line":97,"column":4},"end":{"line":99,"column":5}}]},"5":{"loc":{"start":{"line":107,"column":4},"end":{"line":109,"column":5}},"type":"if","locations":[{"start":{"line":107,"column":4},"end":{"line":109,"column":5}}]},"6":{"loc":{"start":{"line":138,"column":4},"end":{"line":143,"column":5}},"type":"if","locations":[{"start":{"line":138,"column":4},"end":{"line":143,"column":5}}]},"7":{"loc":{"start":{"line":152,"column":4},"end":{"line":154,"column":5}},"type":"if","locations":[{"start":{"line":152,"column":4},"end":{"line":154,"column":5}}]},"8":{"loc":{"start":{"line":173,"column":4},"end":{"line":175,"column":5}},"type":"if","locations":[{"start":{"line":173,"column":4},"end":{"line":175,"column":5}}]}},"s":{"0":1,"1":1,"2":1,"3":1,"4":1,"5":1,"6":1,"7":1,"8":1,"9":0,"10":1,"11":1,"12":1,"13":1,"14":0,"15":1,"16":1,"17":0,"18":0,"19":0,"20":1,"21":1,"22":0,"23":0,"24":0,"25":0,"26":0,"27":0,"28":0,"29":1,"30":1,"31":1,"32":1,"33":1,"34":1,"35":1,"36":0,"37":1,"38":0,"39":0,"40":0,"41":1,"42":1,"43":0,"44":0,"45":0,"46":0,"47":0,"48":0,"49":0,"50":0,"51":0,"52":0,"53":0,"54":0,"55":0,"56":0,"57":0,"58":1,"59":1,"60":0,"61":0,"62":0,"63":0,"64":0,"65":0,"66":0,"67":1},"f":{"0":1,"1":0,"2":1,"3":0,"4":0},"b":{"0":[0],"1":[0],"2":[0],"3":[0],"4":[0],"5":[0],"6":[0],"7":[0],"8":[0]}}
,"/Users/peterihimire/Personal/book-app-challenge/src/controllers/borrow-record-controller.ts": {"path":"/Users/peterihimire/Personal/book-app-challenge/src/controllers/borrow-record-controller.ts","statementMap":{"0":{"start":{"line":2,"column":0},"end":{"line":2,"column":28}},"1":{"start":{"line":3,"column":0},"end":{"line":3,"column":61}},"2":{"start":{"line":4,"column":0},"end":{"line":4,"column":44}},"3":{"start":{"line":5,"column":0},"end":{"line":5,"column":53}},"4":{"start":{"line":14,"column":0},"end":{"line":14,"column":null}},"5":{"start":{"line":25,"column":47},"end":{"line":67,"column":1}},"6":{"start":{"line":27,"column":4},"end":{"line":27,"column":12}},"7":{"start":{"line":29,"column":2},"end":{"line":66,"column":3}},"8":{"start":{"line":30,"column":19},"end":{"line":30,"column":40}},"9":{"start":{"line":31,"column":4},"end":{"line":33,"column":5}},"10":{"start":{"line":32,"column":6},"end":{"line":32,"column":62}},"11":{"start":{"line":35,"column":20},"end":{"line":42,"column":6}},"12":{"start":{"line":44,"column":32},"end":{"line":44,"column":65}},"13":{"start":{"line":45,"column":4},"end":{"line":45,"column":69}},"14":{"start":{"line":47,"column":4},"end":{"line":52,"column":5}},"15":{"start":{"line":48,"column":6},"end":{"line":51,"column":8}},"16":{"start":{"line":54,"column":48},"end":{"line":54,"column":67}},"17":{"start":{"line":56,"column":4},"end":{"line":60,"column":7}},"18":{"start":{"line":62,"column":4},"end":{"line":64,"column":5}},"19":{"start":{"line":63,"column":6},"end":{"line":63,"column":57}},"20":{"start":{"line":65,"column":4},"end":{"line":65,"column":16}},"21":{"start":{"line":25,"column":13},"end":{"line":25,"column":47}},"22":{"start":{"line":72,"column":48},"end":{"line":88,"column":1}},"23":{"start":{"line":73,"column":2},"end":{"line":87,"column":3}},"24":{"start":{"line":74,"column":26},"end":{"line":74,"column":54}},"25":{"start":{"line":75,"column":4},"end":{"line":75,"column":71}},"26":{"start":{"line":77,"column":4},"end":{"line":81,"column":7}},"27":{"start":{"line":83,"column":4},"end":{"line":85,"column":5}},"28":{"start":{"line":84,"column":6},"end":{"line":84,"column":57}},"29":{"start":{"line":86,"column":4},"end":{"line":86,"column":16}},"30":{"start":{"line":72,"column":13},"end":{"line":72,"column":48}},"31":{"start":{"line":93,"column":47},"end":{"line":115,"column":1}},"32":{"start":{"line":94,"column":17},"end":{"line":94,"column":27}},"33":{"start":{"line":96,"column":2},"end":{"line":114,"column":3}},"34":{"start":{"line":97,"column":25},"end":{"line":97,"column":63}},"35":{"start":{"line":98,"column":4},"end":{"line":98,"column":69}},"36":{"start":{"line":100,"column":4},"end":{"line":102,"column":5}},"37":{"start":{"line":101,"column":6},"end":{"line":101,"column":79}},"38":{"start":{"line":104,"column":4},"end":{"line":108,"column":7}},"39":{"start":{"line":110,"column":4},"end":{"line":112,"column":5}},"40":{"start":{"line":111,"column":6},"end":{"line":111,"column":57}},"41":{"start":{"line":113,"column":4},"end":{"line":113,"column":16}},"42":{"start":{"line":93,"column":13},"end":{"line":93,"column":47}},"43":{"start":{"line":120,"column":50},"end":{"line":169,"column":1}},"44":{"start":{"line":122,"column":17},"end":{"line":122,"column":27}},"45":{"start":{"line":124,"column":4},"end":{"line":124,"column":12}},"46":{"start":{"line":126,"column":2},"end":{"line":168,"column":3}},"47":{"start":{"line":127,"column":30},"end":{"line":127,"column":68}},"48":{"start":{"line":128,"column":4},"end":{"line":128,"column":70}},"49":{"start":{"line":130,"column":20},"end":{"line":137,"column":6}},"50":{"start":{"line":139,"column":32},"end":{"line":141,"column":null}},"51":{"start":{"line":143,"column":4},"end":{"line":143,"column":64}},"52":{"start":{"line":145,"column":4},"end":{"line":150,"column":5}},"53":{"start":{"line":146,"column":6},"end":{"line":149,"column":8}},"54":{"start":{"line":156,"column":8},"end":{"line":156,"column":27}},"55":{"start":{"line":158,"column":4},"end":{"line":162,"column":7}},"56":{"start":{"line":164,"column":4},"end":{"line":166,"column":5}},"57":{"start":{"line":165,"column":6},"end":{"line":165,"column":57}},"58":{"start":{"line":167,"column":4},"end":{"line":167,"column":16}},"59":{"start":{"line":120,"column":13},"end":{"line":120,"column":50}},"60":{"start":{"line":174,"column":50},"end":{"line":190,"column":1}},"61":{"start":{"line":175,"column":17},"end":{"line":175,"column":27}},"62":{"start":{"line":177,"column":2},"end":{"line":189,"column":3}},"63":{"start":{"line":178,"column":4},"end":{"line":178,"column":45}},"64":{"start":{"line":180,"column":4},"end":{"line":183,"column":7}},"65":{"start":{"line":185,"column":4},"end":{"line":187,"column":5}},"66":{"start":{"line":186,"column":6},"end":{"line":186,"column":57}},"67":{"start":{"line":188,"column":4},"end":{"line":188,"column":16}},"68":{"start":{"line":174,"column":13},"end":{"line":174,"column":50}}},"fnMap":{"0":{"name":"(anonymous_1)","decl":{"start":{"line":25,"column":47},"end":{"line":25,"column":52}},"loc":{"start":{"line":25,"column":72},"end":{"line":67,"column":1}}},"1":{"name":"(anonymous_2)","decl":{"start":{"line":72,"column":48},"end":{"line":72,"column":53}},"loc":{"start":{"line":72,"column":73},"end":{"line":88,"column":1}}},"2":{"name":"(anonymous_3)","decl":{"start":{"line":93,"column":47},"end":{"line":93,"column":52}},"loc":{"start":{"line":93,"column":72},"end":{"line":115,"column":1}}},"3":{"name":"(anonymous_4)","decl":{"start":{"line":120,"column":50},"end":{"line":120,"column":55}},"loc":{"start":{"line":120,"column":75},"end":{"line":169,"column":1}}},"4":{"name":"(anonymous_5)","decl":{"start":{"line":174,"column":50},"end":{"line":174,"column":55}},"loc":{"start":{"line":174,"column":75},"end":{"line":190,"column":1}}}},"branchMap":{"0":{"loc":{"start":{"line":31,"column":4},"end":{"line":33,"column":5}},"type":"if","locations":[{"start":{"line":31,"column":4},"end":{"line":33,"column":5}}]},"1":{"loc":{"start":{"line":47,"column":4},"end":{"line":52,"column":5}},"type":"if","locations":[{"start":{"line":47,"column":4},"end":{"line":52,"column":5}}]},"2":{"loc":{"start":{"line":62,"column":4},"end":{"line":64,"column":5}},"type":"if","locations":[{"start":{"line":62,"column":4},"end":{"line":64,"column":5}}]},"3":{"loc":{"start":{"line":83,"column":4},"end":{"line":85,"column":5}},"type":"if","locations":[{"start":{"line":83,"column":4},"end":{"line":85,"column":5}}]},"4":{"loc":{"start":{"line":100,"column":4},"end":{"line":102,"column":5}},"type":"if","locations":[{"start":{"line":100,"column":4},"end":{"line":102,"column":5}}]},"5":{"loc":{"start":{"line":110,"column":4},"end":{"line":112,"column":5}},"type":"if","locations":[{"start":{"line":110,"column":4},"end":{"line":112,"column":5}}]},"6":{"loc":{"start":{"line":145,"column":4},"end":{"line":150,"column":5}},"type":"if","locations":[{"start":{"line":145,"column":4},"end":{"line":150,"column":5}}]},"7":{"loc":{"start":{"line":164,"column":4},"end":{"line":166,"column":5}},"type":"if","locations":[{"start":{"line":164,"column":4},"end":{"line":166,"column":5}}]},"8":{"loc":{"start":{"line":185,"column":4},"end":{"line":187,"column":5}},"type":"if","locations":[{"start":{"line":185,"column":4},"end":{"line":187,"column":5}}]}},"s":{"0":1,"1":1,"2":1,"3":1,"4":1,"5":1,"6":0,"7":0,"8":0,"9":0,"10":0,"11":0,"12":0,"13":0,"14":0,"15":0,"16":0,"17":0,"18":0,"19":0,"20":0,"21":1,"22":1,"23":0,"24":0,"25":0,"26":0,"27":0,"28":0,"29":0,"30":1,"31":1,"32":0,"33":0,"34":0,"35":0,"36":0,"37":0,"38":0,"39":0,"40":0,"41":0,"42":1,"43":1,"44":0,"45":0,"46":0,"47":0,"48":0,"49":0,"50":0,"51":0,"52":0,"53":0,"54":0,"55":0,"56":0,"57":0,"58":0,"59":1,"60":1,"61":0,"62":0,"63":0,"64":0,"65":0,"66":0,"67":0,"68":1},"f":{"0":0,"1":0,"2":0,"3":0,"4":0},"b":{"0":[0],"1":[0],"2":[0],"3":[0],"4":[0],"5":[0],"6":[0],"7":[0],"8":[0]}}
,"/Users/peterihimire/Personal/book-app-challenge/src/database/prisma.ts": {"path":"/Users/peterihimire/Personal/book-app-challenge/src/database/prisma.ts","statementMap":{"0":{"start":{"line":1,"column":0},"end":{"line":1,"column":46}},"1":{"start":{"line":2,"column":15},"end":{"line":2,"column":33}},"2":{"start":{"line":4,"column":9},"end":{"line":4,"column":15}}},"fnMap":{},"branchMap":{},"s":{"0":1,"1":1,"2":1},"f":{},"b":{}}
,"/Users/peterihimire/Personal/book-app-challenge/src/middlewares/error-handler.ts": {"path":"/Users/peterihimire/Personal/book-app-challenge/src/middlewares/error-handler.ts","statementMap":{"0":{"start":{"line":11,"column":0},"end":{"line":11,"column":16}},"1":{"start":{"line":8,"column":0},"end":{"line":8,"column":61}},"2":{"start":{"line":9,"column":0},"end":{"line":9,"column":44}},"3":{"start":{"line":12,"column":2},"end":{"line":12,"column":65}},"4":{"start":{"line":15,"column":55},"end":{"line":23,"column":1}},"5":{"start":{"line":21,"column":2},"end":{"line":21,"column":16}},"6":{"start":{"line":22,"column":2},"end":{"line":22,"column":12}},"7":{"start":{"line":15,"column":13},"end":{"line":15,"column":55}},"8":{"start":{"line":25,"column":48},"end":{"line":35,"column":1}},"9":{"start":{"line":26,"column":2},"end":{"line":28,"column":3}},"10":{"start":{"line":27,"column":4},"end":{"line":27,"column":21}},"11":{"start":{"line":30,"column":2},"end":{"line":30,"column":30}},"12":{"start":{"line":31,"column":2},"end":{"line":34,"column":5}},"13":{"start":{"line":25,"column":13},"end":{"line":25,"column":48}},"14":{"start":{"line":37,"column":44},"end":{"line":53,"column":1}},"15":{"start":{"line":38,"column":2},"end":{"line":52,"column":3}},"16":{"start":{"line":39,"column":4},"end":{"line":46,"column":6}},"17":{"start":{"line":48,"column":4},"end":{"line":50,"column":5}},"18":{"start":{"line":49,"column":6},"end":{"line":49,"column":57}},"19":{"start":{"line":51,"column":4},"end":{"line":51,"column":16}},"20":{"start":{"line":37,"column":13},"end":{"line":37,"column":44}}},"fnMap":{"0":{"name":"logError","decl":{"start":{"line":11,"column":16},"end":{"line":11,"column":24}},"loc":{"start":{"line":11,"column":33},"end":{"line":13,"column":1}}},"1":{"name":"(anonymous_2)","decl":{"start":{"line":15,"column":55},"end":{"line":15,"column":null}},"loc":{"start":{"line":20,"column":4},"end":{"line":23,"column":1}}},"2":{"name":"(anonymous_3)","decl":{"start":{"line":25,"column":48},"end":{"line":25,"column":49}},"loc":{"start":{"line":25,"column":72},"end":{"line":35,"column":1}}},"3":{"name":"(anonymous_4)","decl":{"start":{"line":37,"column":44},"end":{"line":37,"column":45}},"loc":{"start":{"line":37,"column":63},"end":{"line":53,"column":1}}}},"branchMap":{"0":{"loc":{"start":{"line":26,"column":2},"end":{"line":28,"column":3}},"type":"if","locations":[{"start":{"line":26,"column":2},"end":{"line":28,"column":3}}]},"1":{"loc":{"start":{"line":30,"column":13},"end":{"line":30,"column":28}},"type":"binary-expr","locations":[{"start":{"line":30,"column":13},"end":{"line":30,"column":21}},{"start":{"line":30,"column":25},"end":{"line":30,"column":28}}]},"2":{"loc":{"start":{"line":33,"column":9},"end":{"line":33,"column":52}},"type":"binary-expr","locations":[{"start":{"line":33,"column":9},"end":{"line":33,"column":20}},{"start":{"line":33,"column":24},"end":{"line":33,"column":52}}]},"3":{"loc":{"start":{"line":48,"column":4},"end":{"line":50,"column":5}},"type":"if","locations":[{"start":{"line":48,"column":4},"end":{"line":50,"column":5}}]}},"s":{"0":1,"1":1,"2":1,"3":0,"4":1,"5":0,"6":0,"7":1,"8":1,"9":0,"10":0,"11":0,"12":0,"13":1,"14":1,"15":0,"16":0,"17":0,"18":0,"19":0,"20":1},"f":{"0":0,"1":0,"2":0,"3":0},"b":{"0":[0],"1":[0,0],"2":[0,0],"3":[0]}}
,"/Users/peterihimire/Personal/book-app-challenge/src/middlewares/validator.ts": {"path":"/Users/peterihimire/Personal/book-app-challenge/src/middlewares/validator.ts","statementMap":{"0":{"start":{"line":1,"column":0},"end":{"line":1,"column":59}},"1":{"start":{"line":3,"column":13},"end":{"line":15,"column":2}},"2":{"start":{"line":17,"column":13},"end":{"line":34,"column":2}},"3":{"start":{"line":36,"column":13},"end":{"line":60,"column":2}},"4":{"start":{"line":62,"column":13},"end":{"line":87,"column":2}}},"fnMap":{},"branchMap":{},"s":{"0":1,"1":1,"2":1,"3":1,"4":1},"f":{},"b":{}}
,"/Users/peterihimire/Personal/book-app-challenge/src/middlewares/verify-token.ts": {"path":"/Users/peterihimire/Personal/book-app-challenge/src/middlewares/verify-token.ts","statementMap":{"0":{"start":{"line":2,"column":0},"end":{"line":2,"column":28}},"1":{"start":{"line":3,"column":0},"end":{"line":3,"column":38}},"2":{"start":{"line":4,"column":0},"end":{"line":4,"column":44}},"3":{"start":{"line":5,"column":0},"end":{"line":5,"column":61}},"4":{"start":{"line":7,"column":0},"end":{"line":7,"column":16}},"5":{"start":{"line":14,"column":43},"end":{"line":54,"column":1}},"6":{"start":{"line":16,"column":16},"end":{"line":16,"column":33}},"7":{"start":{"line":18,"column":2},"end":{"line":34,"column":3}},"8":{"start":{"line":19,"column":4},"end":{"line":29,"column":7}},"9":{"start":{"line":20,"column":6},"end":{"line":24,"column":7}},"10":{"start":{"line":21,"column":8},"end":{"line":23,"column":10}},"11":{"start":{"line":26,"column":6},"end":{"line":26,"column":39}},"12":{"start":{"line":27,"column":6},"end":{"line":27,"column":28}},"13":{"start":{"line":28,"column":6},"end":{"line":28,"column":13}},"14":{"start":{"line":31,"column":4},"end":{"line":33,"column":6}},"15":{"start":{"line":14,"column":13},"end":{"line":14,"column":43}},"16":{"start":{"line":57,"column":59},"end":{"line":72,"column":1}},"17":{"start":{"line":58,"column":2},"end":{"line":71,"column":5}},"18":{"start":{"line":59,"column":17},"end":{"line":59,"column":25}},"19":{"start":{"line":61,"column":4},"end":{"line":68,"column":5}},"20":{"start":{"line":62,"column":6},"end":{"line":67,"column":8}},"21":{"start":{"line":70,"column":4},"end":{"line":70,"column":11}},"22":{"start":{"line":57,"column":13},"end":{"line":57,"column":59}}},"fnMap":{"0":{"name":"(anonymous_1)","decl":{"start":{"line":14,"column":43},"end":{"line":14,"column":44}},"loc":{"start":{"line":14,"column":62},"end":{"line":54,"column":1}}},"1":{"name":"(anonymous_2)","decl":{"start":{"line":19,"column":49},"end":{"line":19,"column":50}},"loc":{"start":{"line":19,"column":76},"end":{"line":29,"column":5}}},"2":{"name":"(anonymous_3)","decl":{"start":{"line":57,"column":59},"end":{"line":57,"column":60}},"loc":{"start":{"line":57,"column":78},"end":{"line":72,"column":1}}},"3":{"name":"(anonymous_4)","decl":{"start":{"line":58,"column":24},"end":{"line":58,"column":29}},"loc":{"start":{"line":58,"column":35},"end":{"line":71,"column":3}}}},"branchMap":{"0":{"loc":{"start":{"line":18,"column":2},"end":{"line":34,"column":3}},"type":"if","locations":[{"start":{"line":18,"column":2},"end":{"line":34,"column":3}},{"start":{"line":30,"column":9},"end":{"line":34,"column":3}}]},"1":{"loc":{"start":{"line":20,"column":6},"end":{"line":24,"column":7}},"type":"if","locations":[{"start":{"line":20,"column":6},"end":{"line":24,"column":7}}]},"2":{"loc":{"start":{"line":61,"column":4},"end":{"line":68,"column":5}},"type":"if","locations":[{"start":{"line":61,"column":4},"end":{"line":68,"column":5}}]},"3":{"loc":{"start":{"line":61,"column":9},"end":{"line":61,"column":20}},"type":"cond-expr","locations":[{"start":{"line":61,"column":13},"end":{"line":61,"column":15}},{"start":{"line":61,"column":9},"end":{"line":61,"column":20}}]},"4":{"loc":{"start":{"line":61,"column":9},"end":{"line":61,"column":15}},"type":"binary-expr","locations":[{"start":{"line":61,"column":9},"end":{"line":61,"column":15}},{"start":{"line":61,"column":9},"end":{"line":61,"column":15}}]}},"s":{"0":1,"1":1,"2":1,"3":1,"4":1,"5":1,"6":1,"7":1,"8":1,"9":1,"10":0,"11":1,"12":1,"13":1,"14":0,"15":1,"16":1,"17":1,"18":1,"19":1,"20":0,"21":1,"22":1},"f":{"0":1,"1":1,"2":1,"3":1},"b":{"0":[1,0],"1":[0],"2":[0],"3":[0,1],"4":[1,1]}}
,"/Users/peterihimire/Personal/book-app-challenge/src/repositories/auth-repository.ts": {"path":"/Users/peterihimire/Personal/book-app-challenge/src/repositories/auth-repository.ts","statementMap":{"0":{"start":{"line":1,"column":0},"end":{"line":1,"column":44}},"1":{"start":{"line":9,"column":25},"end":{"line":15,"column":1}},"2":{"start":{"line":10,"column":2},"end":{"line":14,"column":5}},"3":{"start":{"line":9,"column":13},"end":{"line":9,"column":25}},"4":{"start":{"line":22,"column":28},"end":{"line":32,"column":1}},"5":{"start":{"line":26,"column":2},"end":{"line":31,"column":5}},"6":{"start":{"line":22,"column":13},"end":{"line":22,"column":28}}},"fnMap":{"0":{"name":"(anonymous_0)","decl":{"start":{"line":9,"column":25},"end":{"line":9,"column":30}},"loc":{"start":{"line":9,"column":71},"end":{"line":15,"column":1}}},"1":{"name":"(anonymous_1)","decl":{"start":{"line":22,"column":28},"end":{"line":22,"column":33}},"loc":{"start":{"line":25,"column":27},"end":{"line":32,"column":1}}}},"branchMap":{"0":{"loc":{"start":{"line":28,"column":13},"end":{"line":28,"column":24}},"type":"cond-expr","locations":[{"start":{"line":28,"column":17},"end":{"line":28,"column":19}},{"start":{"line":28,"column":13},"end":{"line":28,"column":24}}]},"1":{"loc":{"start":{"line":28,"column":13},"end":{"line":28,"column":19}},"type":"binary-expr","locations":[{"start":{"line":28,"column":13},"end":{"line":28,"column":19}},{"start":{"line":28,"column":13},"end":{"line":28,"column":19}}]},"2":{"loc":{"start":{"line":29,"column":16},"end":{"line":29,"column":30}},"type":"cond-expr","locations":[{"start":{"line":29,"column":20},"end":{"line":29,"column":22}},{"start":{"line":29,"column":16},"end":{"line":29,"column":30}}]},"3":{"loc":{"start":{"line":29,"column":16},"end":{"line":29,"column":22}},"type":"binary-expr","locations":[{"start":{"line":29,"column":16},"end":{"line":29,"column":22}},{"start":{"line":29,"column":16},"end":{"line":29,"column":22}}]}},"s":{"0":1,"1":1,"2":1,"3":1,"4":1,"5":0,"6":1},"f":{"0":1,"1":0},"b":{"0":[0,0],"1":[0,0],"2":[0,0],"3":[0,0]}}
,"/Users/peterihimire/Personal/book-app-challenge/src/repositories/author-repository.ts": {"path":"/Users/peterihimire/Personal/book-app-challenge/src/repositories/author-repository.ts","statementMap":{"0":{"start":{"line":1,"column":0},"end":{"line":1,"column":44}},"1":{"start":{"line":8,"column":28},"end":{"line":10,"column":1}},"2":{"start":{"line":9,"column":2},"end":{"line":9,"column":34}},"3":{"start":{"line":8,"column":13},"end":{"line":8,"column":28}},"4":{"start":{"line":17,"column":31},"end":{"line":23,"column":1}},"5":{"start":{"line":18,"column":2},"end":{"line":22,"column":5}},"6":{"start":{"line":17,"column":13},"end":{"line":17,"column":31}},"7":{"start":{"line":30,"column":28},"end":{"line":42,"column":1}},"8":{"start":{"line":35,"column":2},"end":{"line":41,"column":5}},"9":{"start":{"line":30,"column":13},"end":{"line":30,"column":28}},"10":{"start":{"line":50,"column":32},"end":{"line":72,"column":1}},"11":{"start":{"line":54,"column":22},"end":{"line":54,"column":48}},"12":{"start":{"line":57,"column":2},"end":{"line":59,"column":3}},"13":{"start":{"line":58,"column":4},"end":{"line":58,"column":16}},"14":{"start":{"line":62,"column":24},"end":{"line":69,"column":4}},"15":{"start":{"line":71,"column":2},"end":{"line":71,"column":23}},"16":{"start":{"line":50,"column":13},"end":{"line":50,"column":32}},"17":{"start":{"line":79,"column":32},"end":{"line":82,"column":1}},"18":{"start":{"line":80,"column":23},"end":{"line":80,"column":73}},"19":{"start":{"line":81,"column":2},"end":{"line":81,"column":22}},"20":{"start":{"line":79,"column":13},"end":{"line":79,"column":32}}},"fnMap":{"0":{"name":"(anonymous_0)","decl":{"start":{"line":8,"column":28},"end":{"line":8,"column":33}},"loc":{"start":{"line":8,"column":58},"end":{"line":10,"column":1}}},"1":{"name":"(anonymous_1)","decl":{"start":{"line":17,"column":31},"end":{"line":17,"column":36}},"loc":{"start":{"line":17,"column":77},"end":{"line":23,"column":1}}},"2":{"name":"(anonymous_2)","decl":{"start":{"line":30,"column":28},"end":{"line":30,"column":33}},"loc":{"start":{"line":34,"column":29},"end":{"line":42,"column":1}}},"3":{"name":"(anonymous_3)","decl":{"start":{"line":50,"column":32},"end":{"line":50,"column":37}},"loc":{"start":{"line":53,"column":28},"end":{"line":72,"column":1}}},"4":{"name":"(anonymous_4)","decl":{"start":{"line":79,"column":32},"end":{"line":79,"column":37}},"loc":{"start":{"line":79,"column":71},"end":{"line":82,"column":1}}}},"branchMap":{"0":{"loc":{"start":{"line":57,"column":2},"end":{"line":59,"column":3}},"type":"if","locations":[{"start":{"line":57,"column":2},"end":{"line":59,"column":3}}]},"1":{"loc":{"start":{"line":65,"column":12},"end":{"line":65,"column":41}},"type":"cond-expr","locations":[{"start":{"line":65,"column":21},"end":{"line":65,"column":25}},{"start":{"line":65,"column":25},"end":{"line":65,"column":41}}]},"2":{"loc":{"start":{"line":65,"column":12},"end":{"line":65,"column":25}},"type":"binary-expr","locations":[{"start":{"line":65,"column":12},"end":{"line":65,"column":25}},{"start":{"line":65,"column":21},"end":{"line":65,"column":25}}]},"3":{"loc":{"start":{"line":66,"column":17},"end":{"line":66,"column":56}},"type":"cond-expr","locations":[{"start":{"line":66,"column":31},"end":{"line":66,"column":35}},{"start":{"line":66,"column":35},"end":{"line":66,"column":56}}]},"4":{"loc":{"start":{"line":66,"column":17},"end":{"line":66,"column":35}},"type":"binary-expr","locations":[{"start":{"line":66,"column":17},"end":{"line":66,"column":35}},{"start":{"line":66,"column":31},"end":{"line":66,"column":35}}]},"5":{"loc":{"start":{"line":67,"column":11},"end":{"line":67,"column":38}},"type":"cond-expr","locations":[{"start":{"line":67,"column":19},"end":{"line":67,"column":23}},{"start":{"line":67,"column":23},"end":{"line":67,"column":38}}]},"6":{"loc":{"start":{"line":67,"column":11},"end":{"line":67,"column":23}},"type":"binary-expr","locations":[{"start":{"line":67,"column":11},"end":{"line":67,"column":23}},{"start":{"line":67,"column":19},"end":{"line":67,"column":23}}]}},"s":{"0":1,"1":1,"2":0,"3":1,"4":1,"5":0,"6":1,"7":1,"8":0,"9":1,"10":1,"11":0,"12":0,"13":0,"14":0,"15":0,"16":1,"17":1,"18":0,"19":0,"20":1},"f":{"0":0,"1":0,"2":0,"3":0,"4":0},"b":{"0":[0],"1":[0,0],"2":[0,0],"3":[0,0],"4":[0,0],"5":[0,0],"6":[0,0]}}
,"/Users/peterihimire/Personal/book-app-challenge/src/repositories/book-repository.ts": {"path":"/Users/peterihimire/Personal/book-app-challenge/src/repositories/book-repository.ts","statementMap":{"0":{"start":{"line":1,"column":0},"end":{"line":1,"column":44}},"1":{"start":{"line":8,"column":26},"end":{"line":10,"column":1}},"2":{"start":{"line":9,"column":2},"end":{"line":9,"column":32}},"3":{"start":{"line":8,"column":13},"end":{"line":8,"column":26}},"4":{"start":{"line":17,"column":29},"end":{"line":23,"column":1}},"5":{"start":{"line":18,"column":2},"end":{"line":22,"column":5}},"6":{"start":{"line":17,"column":13},"end":{"line":17,"column":29}},"7":{"start":{"line":30,"column":26},"end":{"line":46,"column":1}},"8":{"start":{"line":37,"column":2},"end":{"line":45,"column":5}},"9":{"start":{"line":30,"column":13},"end":{"line":30,"column":26}},"10":{"start":{"line":54,"column":30},"end":{"line":78,"column":1}},"11":{"start":{"line":58,"column":20},"end":{"line":58,"column":44}},"12":{"start":{"line":61,"column":2},"end":{"line":63,"column":3}},"13":{"start":{"line":62,"column":4},"end":{"line":62,"column":16}},"14":{"start":{"line":66,"column":22},"end":{"line":75,"column":4}},"15":{"start":{"line":77,"column":2},"end":{"line":77,"column":21}},"16":{"start":{"line":54,"column":13},"end":{"line":54,"column":30}},"17":{"start":{"line":85,"column":30},"end":{"line":88,"column":1}},"18":{"start":{"line":86,"column":21},"end":{"line":86,"column":69}},"19":{"start":{"line":87,"column":2},"end":{"line":87,"column":20}},"20":{"start":{"line":85,"column":13},"end":{"line":85,"column":30}}},"fnMap":{"0":{"name":"(anonymous_0)","decl":{"start":{"line":8,"column":26},"end":{"line":8,"column":31}},"loc":{"start":{"line":8,"column":54},"end":{"line":10,"column":1}}},"1":{"name":"(anonymous_1)","decl":{"start":{"line":17,"column":29},"end":{"line":17,"column":34}},"loc":{"start":{"line":17,"column":73},"end":{"line":23,"column":1}}},"2":{"name":"(anonymous_2)","decl":{"start":{"line":30,"column":26},"end":{"line":30,"column":31}},"loc":{"start":{"line":36,"column":27},"end":{"line":46,"column":1}}},"3":{"name":"(anonymous_3)","decl":{"start":{"line":54,"column":30},"end":{"line":54,"column":35}},"loc":{"start":{"line":57,"column":26},"end":{"line":78,"column":1}}},"4":{"name":"(anonymous_4)","decl":{"start":{"line":85,"column":30},"end":{"line":85,"column":35}},"loc":{"start":{"line":85,"column":67},"end":{"line":88,"column":1}}}},"branchMap":{"0":{"loc":{"start":{"line":61,"column":2},"end":{"line":63,"column":3}},"type":"if","locations":[{"start":{"line":61,"column":2},"end":{"line":63,"column":3}}]},"1":{"loc":{"start":{"line":69,"column":13},"end":{"line":69,"column":42}},"type":"cond-expr","locations":[{"start":{"line":69,"column":23},"end":{"line":69,"column":27}},{"start":{"line":69,"column":27},"end":{"line":69,"column":42}}]},"2":{"loc":{"start":{"line":69,"column":13},"end":{"line":69,"column":27}},"type":"binary-expr","locations":[{"start":{"line":69,"column":13},"end":{"line":69,"column":27}},{"start":{"line":69,"column":23},"end":{"line":69,"column":27}}]},"3":{"loc":{"start":{"line":70,"column":16},"end":{"line":70,"column":51}},"type":"cond-expr","locations":[{"start":{"line":70,"column":29},"end":{"line":70,"column":33}},{"start":{"line":70,"column":33},"end":{"line":70,"column":51}}]},"4":{"loc":{"start":{"line":70,"column":16},"end":{"line":70,"column":33}},"type":"binary-expr","locations":[{"start":{"line":70,"column":16},"end":{"line":70,"column":33}},{"start":{"line":70,"column":29},"end":{"line":70,"column":33}}]},"5":{"loc":{"start":{"line":71,"column":21},"end":{"line":71,"column":66}},"type":"cond-expr","locations":[{"start":{"line":71,"column":39},"end":{"line":71,"column":43}},{"start":{"line":71,"column":43},"end":{"line":71,"column":66}}]},"6":{"loc":{"start":{"line":71,"column":21},"end":{"line":71,"column":43}},"type":"binary-expr","locations":[{"start":{"line":71,"column":21},"end":{"line":71,"column":43}},{"start":{"line":71,"column":39},"end":{"line":71,"column":43}}]},"7":{"loc":{"start":{"line":72,"column":13},"end":{"line":72,"column":42}},"type":"cond-expr","locations":[{"start":{"line":72,"column":23},"end":{"line":72,"column":27}},{"start":{"line":72,"column":27},"end":{"line":72,"column":42}}]},"8":{"loc":{"start":{"line":72,"column":13},"end":{"line":72,"column":27}},"type":"binary-expr","locations":[{"start":{"line":72,"column":13},"end":{"line":72,"column":27}},{"start":{"line":72,"column":23},"end":{"line":72,"column":27}}]},"9":{"loc":{"start":{"line":73,"column":23},"end":{"line":73,"column":72}},"type":"cond-expr","locations":[{"start":{"line":73,"column":43},"end":{"line":73,"column":47}},{"start":{"line":73,"column":47},"end":{"line":73,"column":72}}]},"10":{"loc":{"start":{"line":73,"column":23},"end":{"line":73,"column":47}},"type":"binary-expr","locations":[{"start":{"line":73,"column":23},"end":{"line":73,"column":47}},{"start":{"line":73,"column":43},"end":{"line":73,"column":47}}]}},"s":{"0":1,"1":1,"2":0,"3":1,"4":1,"5":1,"6":1,"7":1,"8":1,"9":1,"10":1,"11":0,"12":0,"13":0,"14":0,"15":0,"16":1,"17":1,"18":0,"19":0,"20":1},"f":{"0":0,"1":1,"2":1,"3":0,"4":0},"b":{"0":[0],"1":[0,0],"2":[0,0],"3":[0,0],"4":[0,0],"5":[0,0],"6":[0,0],"7":[0,0],"8":[0,0],"9":[0,0],"10":[0,0]}}
,"/Users/peterihimire/Personal/book-app-challenge/src/repositories/borrow-record-repository.ts": {"path":"/Users/peterihimire/Personal/book-app-challenge/src/repositories/borrow-record-repository.ts","statementMap":{"0":{"start":{"line":1,"column":0},"end":{"line":1,"column":44}},"1":{"start":{"line":8,"column":34},"end":{"line":10,"column":1}},"2":{"start":{"line":9,"column":2},"end":{"line":9,"column":40}},"3":{"start":{"line":8,"column":13},"end":{"line":8,"column":34}},"4":{"start":{"line":17,"column":37},"end":{"line":25,"column":1}},"5":{"start":{"line":20,"column":2},"end":{"line":24,"column":5}},"6":{"start":{"line":17,"column":13},"end":{"line":17,"column":37}},"7":{"start":{"line":32,"column":34},"end":{"line":46,"column":1}},"8":{"start":{"line":38,"column":2},"end":{"line":45,"column":5}},"9":{"start":{"line":32,"column":13},"end":{"line":32,"column":34}},"10":{"start":{"line":54,"column":38},"end":{"line":77,"column":1}},"11":{"start":{"line":58,"column":28},"end":{"line":58,"column":60}},"12":{"start":{"line":61,"column":2},"end":{"line":63,"column":3}},"13":{"start":{"line":62,"column":4},"end":{"line":62,"column":16}},"14":{"start":{"line":66,"column":30},"end":{"line":74,"column":4}},"15":{"start":{"line":76,"column":2},"end":{"line":76,"column":29}},"16":{"start":{"line":54,"column":13},"end":{"line":54,"column":38}},"17":{"start":{"line":84,"column":38},"end":{"line":87,"column":1}},"18":{"start":{"line":85,"column":29},"end":{"line":85,"column":85}},"19":{"start":{"line":86,"column":2},"end":{"line":86,"column":28}},"20":{"start":{"line":84,"column":13},"end":{"line":84,"column":38}}},"fnMap":{"0":{"name":"(anonymous_0)","decl":{"start":{"line":8,"column":34},"end":{"line":8,"column":39}},"loc":{"start":{"line":8,"column":70},"end":{"line":10,"column":1}}},"1":{"name":"(anonymous_1)","decl":{"start":{"line":17,"column":37},"end":{"line":17,"column":42}},"loc":{"start":{"line":19,"column":34},"end":{"line":25,"column":1}}},"2":{"name":"(anonymous_2)","decl":{"start":{"line":32,"column":34},"end":{"line":32,"column":39}},"loc":{"start":{"line":37,"column":35},"end":{"line":46,"column":1}}},"3":{"name":"(anonymous_3)","decl":{"start":{"line":54,"column":38},"end":{"line":54,"column":43}},"loc":{"start":{"line":57,"column":34},"end":{"line":77,"column":1}}},"4":{"name":"(anonymous_4)","decl":{"start":{"line":84,"column":38},"end":{"line":84,"column":43}},"loc":{"start":{"line":84,"column":83},"end":{"line":87,"column":1}}}},"branchMap":{"0":{"loc":{"start":{"line":61,"column":2},"end":{"line":63,"column":3}},"type":"if","locations":[{"start":{"line":61,"column":2},"end":{"line":63,"column":3}}]},"1":{"loc":{"start":{"line":69,"column":16},"end":{"line":69,"column":59}},"type":"cond-expr","locations":[{"start":{"line":69,"column":29},"end":{"line":69,"column":33}},{"start":{"line":69,"column":33},"end":{"line":69,"column":59}}]},"2":{"loc":{"start":{"line":69,"column":16},"end":{"line":69,"column":33}},"type":"binary-expr","locations":[{"start":{"line":69,"column":16},"end":{"line":69,"column":33}},{"start":{"line":69,"column":29},"end":{"line":69,"column":33}}]},"3":{"loc":{"start":{"line":70,"column":14},"end":{"line":70,"column":53}},"type":"cond-expr","locations":[{"start":{"line":70,"column":25},"end":{"line":70,"column":29}},{"start":{"line":70,"column":29},"end":{"line":70,"column":53}}]},"4":{"loc":{"start":{"line":70,"column":14},"end":{"line":70,"column":29}},"type":"binary-expr","locations":[{"start":{"line":70,"column":14},"end":{"line":70,"column":29}},{"start":{"line":70,"column":25},"end":{"line":70,"column":29}}]},"5":{"loc":{"start":{"line":71,"column":18},"end":{"line":71,"column":65}},"type":"cond-expr","locations":[{"start":{"line":71,"column":33},"end":{"line":71,"column":37}},{"start":{"line":71,"column":37},"end":{"line":71,"column":65}}]},"6":{"loc":{"start":{"line":71,"column":18},"end":{"line":71,"column":37}},"type":"binary-expr","locations":[{"start":{"line":71,"column":18},"end":{"line":71,"column":37}},{"start":{"line":71,"column":33},"end":{"line":71,"column":37}}]},"7":{"loc":{"start":{"line":72,"column":18},"end":{"line":72,"column":65}},"type":"cond-expr","locations":[{"start":{"line":72,"column":33},"end":{"line":72,"column":37}},{"start":{"line":72,"column":37},"end":{"line":72,"column":65}}]},"8":{"loc":{"start":{"line":72,"column":18},"end":{"line":72,"column":37}},"type":"binary-expr","locations":[{"start":{"line":72,"column":18},"end":{"line":72,"column":37}},{"start":{"line":72,"column":33},"end":{"line":72,"column":37}}]}},"s":{"0":1,"1":1,"2":0,"3":1,"4":1,"5":0,"6":1,"7":1,"8":0,"9":1,"10":1,"11":0,"12":0,"13":0,"14":0,"15":0,"16":1,"17":1,"18":0,"19":0,"20":1},"f":{"0":0,"1":0,"2":0,"3":0,"4":0},"b":{"0":[0],"1":[0,0],"2":[0,0],"3":[0,0],"4":[0,0],"5":[0,0],"6":[0,0],"7":[0,0],"8":[0,0]}}
,"/Users/peterihimire/Personal/book-app-challenge/src/routes/api-doc-route.ts": {"path":"/Users/peterihimire/Personal/book-app-challenge/src/routes/api-doc-route.ts","statementMap":{"0":{"start":{"line":1,"column":0},"end":{"line":1,"column":49}},"1":{"start":{"line":2,"column":0},"end":{"line":2,"column":61}},"2":{"start":{"line":4,"column":15},"end":{"line":4,"column":23}},"3":{"start":{"line":6,"column":39},"end":{"line":15,"column":1}},"4":{"start":{"line":7,"column":2},"end":{"line":14,"column":3}},"5":{"start":{"line":8,"column":4},"end":{"line":8,"column":79}},"6":{"start":{"line":10,"column":4},"end":{"line":12,"column":5}},"7":{"start":{"line":11,"column":6},"end":{"line":11,"column":57}},"8":{"start":{"line":13,"column":4},"end":{"line":13,"column":16}},"9":{"start":{"line":17,"column":0},"end":{"line":17,"column":31}},"10":{"start":{"line":19,"column":0},"end":{"line":19,"column":22}}},"fnMap":{"0":{"name":"(anonymous_0)","decl":{"start":{"line":6,"column":39},"end":{"line":6,"column":40}},"loc":{"start":{"line":6,"column":58},"end":{"line":15,"column":1}}}},"branchMap":{"0":{"loc":{"start":{"line":10,"column":4},"end":{"line":12,"column":5}},"type":"if","locations":[{"start":{"line":10,"column":4},"end":{"line":12,"column":5}}]}},"s":{"0":1,"1":1,"2":1,"3":1,"4":0,"5":0,"6":0,"7":0,"8":0,"9":1,"10":1},"f":{"0":0},"b":{"0":[0]}}
,"/Users/peterihimire/Personal/book-app-challenge/src/routes/auth-route.ts": {"path":"/Users/peterihimire/Personal/book-app-challenge/src/routes/auth-route.ts","statementMap":{"0":{"start":{"line":1,"column":0},"end":{"line":1,"column":33}},"1":{"start":{"line":2,"column":0},"end":{"line":2,"column":73}},"2":{"start":{"line":3,"column":0},"end":{"line":3,"column":59}},"3":{"start":{"line":5,"column":15},"end":{"line":5,"column":23}},"4":{"start":{"line":7,"column":0},"end":{"line":7,"column":50}},"5":{"start":{"line":8,"column":0},"end":{"line":8,"column":30}},"6":{"start":{"line":9,"column":0},"end":{"line":9,"column":32}},"7":{"start":{"line":11,"column":0},"end":{"line":11,"column":22}}},"fnMap":{},"branchMap":{},"s":{"0":1,"1":1,"2":1,"3":1,"4":1,"5":1,"6":1,"7":1},"f":{},"b":{}}
,"/Users/peterihimire/Personal/book-app-challenge/src/routes/author-route.ts": {"path":"/Users/peterihimire/Personal/book-app-challenge/src/routes/author-route.ts","statementMap":{"0":{"start":{"line":1,"column":0},"end":{"line":1,"column":33}},"1":{"start":{"line":2,"column":0},"end":{"line":2,"column":null}},"2":{"start":{"line":9,"column":0},"end":{"line":9,"column":74}},"3":{"start":{"line":10,"column":0},"end":{"line":10,"column":59}},"4":{"start":{"line":12,"column":15},"end":{"line":12,"column":23}},"5":{"start":{"line":14,"column":0},"end":{"line":14,"column":73}},"6":{"start":{"line":15,"column":0},"end":{"line":15,"column":30}},"7":{"start":{"line":16,"column":0},"end":{"line":16,"column":27}},"8":{"start":{"line":17,"column":0},"end":{"line":22,"column":2}},"9":{"start":{"line":23,"column":0},"end":{"line":23,"column":65}},"10":{"start":{"line":25,"column":0},"end":{"line":25,"column":22}}},"fnMap":{},"branchMap":{},"s":{"0":1,"1":1,"2":1,"3":1,"4":1,"5":1,"6":1,"7":1,"8":1,"9":1,"10":1},"f":{},"b":{}}
,"/Users/peterihimire/Personal/book-app-challenge/src/routes/book-route.ts": {"path":"/Users/peterihimire/Personal/book-app-challenge/src/routes/book-route.ts","statementMap":{"0":{"start":{"line":1,"column":0},"end":{"line":1,"column":33}},"1":{"start":{"line":2,"column":0},"end":{"line":2,"column":null}},"2":{"start":{"line":9,"column":0},"end":{"line":9,"column":74}},"3":{"start":{"line":10,"column":0},"end":{"line":10,"column":57}},"4":{"start":{"line":12,"column":15},"end":{"line":12,"column":23}},"5":{"start":{"line":14,"column":0},"end":{"line":14,"column":69}},"6":{"start":{"line":15,"column":0},"end":{"line":15,"column":28}},"7":{"start":{"line":16,"column":0},"end":{"line":16,"column":25}},"8":{"start":{"line":17,"column":0},"end":{"line":17,"column":62}},"9":{"start":{"line":18,"column":0},"end":{"line":18,"column":63}},"10":{"start":{"line":20,"column":0},"end":{"line":20,"column":22}}},"fnMap":{},"branchMap":{},"s":{"0":1,"1":1,"2":1,"3":1,"4":1,"5":1,"6":1,"7":1,"8":1,"9":1,"10":1},"f":{},"b":{}}
,"/Users/peterihimire/Personal/book-app-challenge/src/routes/borrow-record-route.ts": {"path":"/Users/peterihimire/Personal/book-app-challenge/src/routes/borrow-record-route.ts","statementMap":{"0":{"start":{"line":1,"column":0},"end":{"line":1,"column":33}},"1":{"start":{"line":2,"column":0},"end":{"line":2,"column":null}},"2":{"start":{"line":9,"column":0},"end":{"line":9,"column":74}},"3":{"start":{"line":10,"column":0},"end":{"line":10,"column":59}},"4":{"start":{"line":12,"column":15},"end":{"line":12,"column":23}},"5":{"start":{"line":14,"column":0},"end":{"line":14,"column":78}},"6":{"start":{"line":15,"column":0},"end":{"line":15,"column":36}},"7":{"start":{"line":16,"column":0},"end":{"line":16,"column":33}},"8":{"start":{"line":17,"column":0},"end":{"line":17,"column":70}},"9":{"start":{"line":18,"column":0},"end":{"line":18,"column":71}},"10":{"start":{"line":20,"column":0},"end":{"line":20,"column":22}}},"fnMap":{},"branchMap":{},"s":{"0":1,"1":1,"2":1,"3":1,"4":1,"5":1,"6":1,"7":1,"8":1,"9":1,"10":1},"f":{},"b":{}}
,"/Users/peterihimire/Personal/book-app-challenge/src/routes/test-route.ts": {"path":"/Users/peterihimire/Personal/book-app-challenge/src/routes/test-route.ts","statementMap":{"0":{"start":{"line":1,"column":0},"end":{"line":1,"column":49}},"1":{"start":{"line":2,"column":0},"end":{"line":2,"column":61}},"2":{"start":{"line":4,"column":15},"end":{"line":4,"column":23}},"3":{"start":{"line":6,"column":37},"end":{"line":18,"column":1}},"4":{"start":{"line":7,"column":2},"end":{"line":17,"column":3}},"5":{"start":{"line":8,"column":4},"end":{"line":11,"column":7}},"6":{"start":{"line":13,"column":4},"end":{"line":15,"column":5}},"7":{"start":{"line":14,"column":6},"end":{"line":14,"column":57}},"8":{"start":{"line":16,"column":4},"end":{"line":16,"column":16}},"9":{"start":{"line":20,"column":0},"end":{"line":20,"column":29}},"10":{"start":{"line":22,"column":0},"end":{"line":22,"column":22}}},"fnMap":{"0":{"name":"(anonymous_0)","decl":{"start":{"line":6,"column":37},"end":{"line":6,"column":38}},"loc":{"start":{"line":6,"column":56},"end":{"line":18,"column":1}}}},"branchMap":{"0":{"loc":{"start":{"line":13,"column":4},"end":{"line":15,"column":5}},"type":"if","locations":[{"start":{"line":13,"column":4},"end":{"line":15,"column":5}}]}},"s":{"0":1,"1":1,"2":1,"3":1,"4":0,"5":0,"6":0,"7":0,"8":0,"9":1,"10":1},"f":{"0":0},"b":{"0":[0]}}
,"/Users/peterihimire/Personal/book-app-challenge/src/services/auth-service.ts": {"path":"/Users/peterihimire/Personal/book-app-challenge/src/services/auth-service.ts","statementMap":{"0":{"start":{"line":2,"column":0},"end":{"line":2,"column":null}},"1":{"start":{"line":12,"column":31},"end":{"line":14,"column":1}},"2":{"start":{"line":13,"column":2},"end":{"line":13,"column":36}},"3":{"start":{"line":12,"column":13},"end":{"line":12,"column":31}},"4":{"start":{"line":21,"column":28},"end":{"line":26,"column":1}},"5":{"start":{"line":25,"column":2},"end":{"line":25,"column":38}},"6":{"start":{"line":21,"column":13},"end":{"line":21,"column":28}}},"fnMap":{"0":{"name":"(anonymous_0)","decl":{"start":{"line":12,"column":31},"end":{"line":12,"column":36}},"loc":{"start":{"line":12,"column":77},"end":{"line":14,"column":1}}},"1":{"name":"(anonymous_1)","decl":{"start":{"line":21,"column":28},"end":{"line":21,"column":33}},"loc":{"start":{"line":24,"column":27},"end":{"line":26,"column":1}}}},"branchMap":{},"s":{"0":1,"1":1,"2":1,"3":1,"4":1,"5":0,"6":1},"f":{"0":1,"1":0},"b":{}}
,"/Users/peterihimire/Personal/book-app-challenge/src/services/author-service.ts": {"path":"/Users/peterihimire/Personal/book-app-challenge/src/services/author-service.ts","statementMap":{"0":{"start":{"line":2,"column":0},"end":{"line":2,"column":null}},"1":{"start":{"line":14,"column":30},"end":{"line":16,"column":1}},"2":{"start":{"line":15,"column":2},"end":{"line":15,"column":34}},"3":{"start":{"line":14,"column":13},"end":{"line":14,"column":30}},"4":{"start":{"line":23,"column":30},"end":{"line":25,"column":1}},"5":{"start":{"line":24,"column":2},"end":{"line":24,"column":39}},"6":{"start":{"line":23,"column":13},"end":{"line":23,"column":30}},"7":{"start":{"line":32,"column":28},"end":{"line":38,"column":1}},"8":{"start":{"line":37,"column":2},"end":{"line":37,"column":38}},"9":{"start":{"line":32,"column":13},"end":{"line":32,"column":28}},"10":{"start":{"line":46,"column":32},"end":{"line":51,"column":1}},"11":{"start":{"line":50,"column":2},"end":{"line":50,"column":46}},"12":{"start":{"line":46,"column":13},"end":{"line":46,"column":32}},"13":{"start":{"line":58,"column":32},"end":{"line":60,"column":1}},"14":{"start":{"line":59,"column":2},"end":{"line":59,"column":39}},"15":{"start":{"line":58,"column":13},"end":{"line":58,"column":32}}},"fnMap":{"0":{"name":"(anonymous_0)","decl":{"start":{"line":14,"column":30},"end":{"line":14,"column":35}},"loc":{"start":{"line":14,"column":60},"end":{"line":16,"column":1}}},"1":{"name":"(anonymous_1)","decl":{"start":{"line":23,"column":30},"end":{"line":23,"column":35}},"loc":{"start":{"line":23,"column":75},"end":{"line":25,"column":1}}},"2":{"name":"(anonymous_2)","decl":{"start":{"line":32,"column":28},"end":{"line":32,"column":33}},"loc":{"start":{"line":36,"column":29},"end":{"line":38,"column":1}}},"3":{"name":"(anonymous_3)","decl":{"start":{"line":46,"column":32},"end":{"line":46,"column":37}},"loc":{"start":{"line":49,"column":28},"end":{"line":51,"column":1}}},"4":{"name":"(anonymous_4)","decl":{"start":{"line":58,"column":32},"end":{"line":58,"column":37}},"loc":{"start":{"line":58,"column":68},"end":{"line":60,"column":1}}}},"branchMap":{},"s":{"0":1,"1":1,"2":0,"3":1,"4":1,"5":0,"6":1,"7":1,"8":0,"9":1,"10":1,"11":0,"12":1,"13":1,"14":0,"15":1},"f":{"0":0,"1":0,"2":0,"3":0,"4":0},"b":{}}
,"/Users/peterihimire/Personal/book-app-challenge/src/services/book-service.ts": {"path":"/Users/peterihimire/Personal/book-app-challenge/src/services/book-service.ts","statementMap":{"0":{"start":{"line":2,"column":0},"end":{"line":2,"column":null}},"1":{"start":{"line":14,"column":28},"end":{"line":16,"column":1}},"2":{"start":{"line":15,"column":2},"end":{"line":15,"column":31}},"3":{"start":{"line":14,"column":13},"end":{"line":14,"column":28}},"4":{"start":{"line":23,"column":28},"end":{"line":25,"column":1}},"5":{"start":{"line":24,"column":2},"end":{"line":24,"column":36}},"6":{"start":{"line":23,"column":13},"end":{"line":23,"column":28}},"7":{"start":{"line":32,"column":26},"end":{"line":40,"column":1}},"8":{"start":{"line":39,"column":2},"end":{"line":39,"column":36}},"9":{"start":{"line":32,"column":13},"end":{"line":32,"column":26}},"10":{"start":{"line":48,"column":30},"end":{"line":53,"column":1}},"11":{"start":{"line":52,"column":2},"end":{"line":52,"column":44}},"12":{"start":{"line":48,"column":13},"end":{"line":48,"column":30}},"13":{"start":{"line":60,"column":30},"end":{"line":62,"column":1}},"14":{"start":{"line":61,"column":2},"end":{"line":61,"column":37}},"15":{"start":{"line":60,"column":13},"end":{"line":60,"column":30}}},"fnMap":{"0":{"name":"(anonymous_0)","decl":{"start":{"line":14,"column":28},"end":{"line":14,"column":33}},"loc":{"start":{"line":14,"column":56},"end":{"line":16,"column":1}}},"1":{"name":"(anonymous_1)","decl":{"start":{"line":23,"column":28},"end":{"line":23,"column":33}},"loc":{"start":{"line":23,"column":71},"end":{"line":25,"column":1}}},"2":{"name":"(anonymous_2)","decl":{"start":{"line":32,"column":26},"end":{"line":32,"column":31}},"loc":{"start":{"line":38,"column":27},"end":{"line":40,"column":1}}},"3":{"name":"(anonymous_3)","decl":{"start":{"line":48,"column":30},"end":{"line":48,"column":35}},"loc":{"start":{"line":51,"column":26},"end":{"line":53,"column":1}}},"4":{"name":"(anonymous_4)","decl":{"start":{"line":60,"column":30},"end":{"line":60,"column":35}},"loc":{"start":{"line":60,"column":66},"end":{"line":62,"column":1}}}},"branchMap":{},"s":{"0":1,"1":1,"2":0,"3":1,"4":1,"5":1,"6":1,"7":1,"8":1,"9":1,"10":1,"11":0,"12":1,"13":1,"14":0,"15":1},"f":{"0":0,"1":1,"2":1,"3":0,"4":0},"b":{}}
,"/Users/peterihimire/Personal/book-app-challenge/src/services/borrow-record-service.ts": {"path":"/Users/peterihimire/Personal/book-app-challenge/src/services/borrow-record-service.ts","statementMap":{"0":{"start":{"line":2,"column":0},"end":{"line":2,"column":null}},"1":{"start":{"line":14,"column":36},"end":{"line":16,"column":1}},"2":{"start":{"line":15,"column":2},"end":{"line":15,"column":40}},"3":{"start":{"line":14,"column":13},"end":{"line":14,"column":36}},"4":{"start":{"line":23,"column":36},"end":{"line":27,"column":1}},"5":{"start":{"line":26,"column":2},"end":{"line":26,"column":45}},"6":{"start":{"line":23,"column":13},"end":{"line":23,"column":36}},"7":{"start":{"line":34,"column":34},"end":{"line":41,"column":1}},"8":{"start":{"line":40,"column":2},"end":{"line":40,"column":44}},"9":{"start":{"line":34,"column":13},"end":{"line":34,"column":34}},"10":{"start":{"line":49,"column":38},"end":{"line":54,"column":1}},"11":{"start":{"line":53,"column":2},"end":{"line":53,"column":52}},"12":{"start":{"line":49,"column":13},"end":{"line":49,"column":38}},"13":{"start":{"line":61,"column":38},"end":{"line":63,"column":1}},"14":{"start":{"line":62,"column":2},"end":{"line":62,"column":45}},"15":{"start":{"line":61,"column":13},"end":{"line":61,"column":38}}},"fnMap":{"0":{"name":"(anonymous_0)","decl":{"start":{"line":14,"column":36},"end":{"line":14,"column":41}},"loc":{"start":{"line":14,"column":72},"end":{"line":16,"column":1}}},"1":{"name":"(anonymous_1)","decl":{"start":{"line":23,"column":36},"end":{"line":23,"column":41}},"loc":{"start":{"line":25,"column":34},"end":{"line":27,"column":1}}},"2":{"name":"(anonymous_2)","decl":{"start":{"line":34,"column":34},"end":{"line":34,"column":39}},"loc":{"start":{"line":39,"column":35},"end":{"line":41,"column":1}}},"3":{"name":"(anonymous_3)","decl":{"start":{"line":49,"column":38},"end":{"line":49,"column":43}},"loc":{"start":{"line":52,"column":34},"end":{"line":54,"column":1}}},"4":{"name":"(anonymous_4)","decl":{"start":{"line":61,"column":38},"end":{"line":61,"column":43}},"loc":{"start":{"line":61,"column":74},"end":{"line":63,"column":1}}}},"branchMap":{},"s":{"0":1,"1":1,"2":0,"3":1,"4":1,"5":0,"6":1,"7":1,"8":0,"9":1,"10":1,"11":0,"12":1,"13":1,"14":0,"15":1},"f":{"0":0,"1":0,"2":0,"3":0,"4":0},"b":{}}
,"/Users/peterihimire/Personal/book-app-challenge/src/utils/base-error.ts": {"path":"/Users/peterihimire/Personal/book-app-challenge/src/utils/base-error.ts","statementMap":{"0":{"start":{"line":3,"column":4},"end":{"line":3,"column":19}},"1":{"start":{"line":2,"column":21},"end":{"line":2,"column":36}},"2":{"start":{"line":2,"column":45},"end":{"line":2,"column":62}},"3":{"start":{"line":4,"column":4},"end":{"line":4,"column":31}},"4":{"start":{"line":5,"column":4},"end":{"line":5,"column":34}},"5":{"start":{"line":8,"column":0},"end":{"line":8,"column":25}}},"fnMap":{"0":{"name":"(anonymous_0)","decl":{"start":{"line":2,"column":2},"end":{"line":2,"column":21}},"loc":{"start":{"line":2,"column":62},"end":{"line":6,"column":3}}}},"branchMap":{},"s":{"0":0,"1":0,"2":0,"3":0,"4":0,"5":1},"f":{"0":0},"b":{}}
,"/Users/peterihimire/Personal/book-app-challenge/src/utils/http-status-codes.ts": {"path":"/Users/peterihimire/Personal/book-app-challenge/src/utils/http-status-codes.ts","statementMap":{"0":{"start":{"line":1,"column":13},"end":{"line":11,"column":2}}},"fnMap":{},"branchMap":{},"s":{"0":1},"f":{},"b":{}}
}
