TN:
SF:src/app.ts
FNF:0
FNH:0
DA:1,1
DA:2,1
DA:3,1
DA:5,1
DA:6,1
DA:7,1
DA:8,1
DA:9,1
DA:10,1
DA:12,1
DA:24,1
DA:41,1
DA:42,1
DA:45,1
DA:46,1
DA:47,1
DA:49,1
DA:50,1
DA:51,1
DA:52,1
DA:53,1
DA:54,1
DA:56,1
DA:57,1
DA:58,1
DA:59,1
LF:26
LH:26
BRF:0
BRH:0
end_of_record
TN:
SF:src/controllers/auth-controller.ts
FN:16,(anonymous_1)
FN:70,(anonymous_2)
FN:142,(anonymous_3)
FNF:3
FNH:1
FNDA:0,(anonymous_1)
FNDA:1,(anonymous_2)
FNDA:0,(anonymous_3)
DA:2,1
DA:3,1
DA:4,1
DA:5,1
DA:6,1
DA:7,1
DA:9,1
DA:11,1
DA:16,1
DA:17,0
DA:19,0
DA:20,0
DA:21,0
DA:22,0
DA:25,0
DA:27,0
DA:28,0
DA:36,0
DA:37,0
DA:39,0
DA:44,0
DA:46,0
DA:47,0
DA:52,0
DA:54,0
DA:60,0
DA:61,0
DA:63,0
DA:70,1
DA:71,1
DA:72,1
DA:74,1
DA:75,1
DA:77,1
DA:78,0
DA:86,1
DA:91,1
DA:92,0
DA:101,1
DA:102,1
DA:103,0
DA:106,1
DA:116,1
DA:124,1
DA:126,1
DA:132,0
DA:133,0
DA:135,0
DA:142,1
DA:143,0
LF:50
LH:24
BRDA:21,0,0,0
BRDA:27,1,0,0
BRDA:46,2,0,0
BRDA:60,3,0,0
BRDA:77,4,0,0
BRDA:91,5,0,0
BRDA:102,6,0,0
BRDA:132,7,0,0
BRF:8
BRH:0
end_of_record
TN:
SF:src/controllers/author-controller.ts
FN:17,(anonymous_1)
FN:62,(anonymous_2)
FN:82,(anonymous_3)
FN:111,(anonymous_4)
FN:155,(anonymous_5)
FNF:5
FNH:0
FNDA:0,(anonymous_1)
FNDA:0,(anonymous_2)
FNDA:0,(anonymous_3)
FNDA:0,(anonymous_4)
FNDA:0,(anonymous_5)
DA:2,1
DA:3,1
DA:4,1
DA:5,1
DA:6,1
DA:17,1
DA:18,0
DA:20,0
DA:21,0
DA:22,0
DA:23,0
DA:26,0
DA:32,0
DA:33,0
DA:35,0
DA:36,0
DA:44,0
DA:46,0
DA:52,0
DA:53,0
DA:55,0
DA:62,1
DA:63,0
DA:64,0
DA:66,0
DA:72,0
DA:73,0
DA:75,0
DA:82,1
DA:83,0
DA:85,0
DA:86,0
DA:87,0
DA:89,0
DA:90,0
DA:95,0
DA:101,0
DA:102,0
DA:104,0
DA:111,1
DA:112,0
DA:114,0
DA:116,0
DA:117,0
DA:118,0
DA:120,0
DA:126,0
DA:127,0
DA:129,0
DA:130,0
DA:137,0
DA:139,0
DA:145,0
DA:146,0
DA:148,0
DA:155,1
DA:156,0
DA:158,0
DA:159,0
DA:161,0
DA:166,0
DA:167,0
DA:169,0
LF:63
LH:10
BRDA:22,0,0,0
BRDA:35,1,0,0
BRDA:52,2,0,0
BRDA:72,3,0,0
BRDA:89,4,0,0
BRDA:101,5,0,0
BRDA:129,6,0,0
BRDA:145,7,0,0
BRDA:166,8,0,0
BRF:9
BRH:0
end_of_record
TN:
SF:src/controllers/book-controller.ts
FN:24,(anonymous_1)
FN:69,(anonymous_2)
FN:89,(anonymous_3)
FN:119,(anonymous_4)
FN:163,(anonymous_5)
FNF:5
FNH:0
FNDA:0,(anonymous_1)
FNDA:0,(anonymous_2)
FNDA:0,(anonymous_3)
FNDA:0,(anonymous_4)
FNDA:0,(anonymous_5)
DA:2,1
DA:3,1
DA:4,1
DA:13,1
DA:24,1
DA:25,0
DA:27,0
DA:28,0
DA:29,0
DA:30,0
DA:33,0
DA:41,0
DA:42,0
DA:44,0
DA:45,0
DA:51,0
DA:53,0
DA:59,0
DA:60,0
DA:62,0
DA:69,1
DA:70,0
DA:71,0
DA:73,0
DA:79,0
DA:80,0
DA:82,0
DA:89,1
DA:90,0
DA:92,0
DA:93,0
DA:97,0
DA:98,0
DA:103,0
DA:109,0
DA:110,0
DA:112,0
DA:119,1
DA:121,0
DA:122,0
DA:124,0
DA:125,0
DA:126,0
DA:128,0
DA:137,0
DA:138,0
DA:140,0
DA:141,0
DA:145,0
DA:147,0
DA:153,0
DA:154,0
DA:156,0
DA:163,1
DA:164,0
DA:166,0
DA:167,0
DA:169,0
DA:174,0
DA:175,0
DA:177,0
LF:61
LH:9
BRDA:29,0,0,0
BRDA:44,1,0,0
BRDA:59,2,0,0
BRDA:79,3,0,0
BRDA:97,4,0,0
BRDA:109,5,0,0
BRDA:140,6,0,0
BRDA:153,7,0,0
BRDA:174,8,0,0
BRF:9
BRH:0
end_of_record
TN:
SF:src/controllers/borrow-record-controller.ts
FN:25,(anonymous_1)
FN:71,(anonymous_2)
FN:91,(anonymous_3)
FN:120,(anonymous_4)
FN:170,(anonymous_5)
FNF:5
FNH:5
FNDA:1,(anonymous_1)
FNDA:1,(anonymous_2)
FNDA:2,(anonymous_3)
FNDA:1,(anonymous_4)
FNDA:1,(anonymous_5)
DA:2,1
DA:3,1
DA:4,1
DA:5,1
DA:14,1
DA:25,1
DA:26,1
DA:28,1
DA:29,1
DA:30,1
DA:31,0
DA:34,1
DA:41,1
DA:42,1
DA:44,1
DA:45,0
DA:53,1
DA:55,1
DA:61,0
DA:62,0
DA:64,0
DA:71,1
DA:72,1
DA:73,1
DA:75,1
DA:81,0
DA:82,0
DA:84,0
DA:91,1
DA:92,2
DA:94,2
DA:95,2
DA:96,2
DA:98,2
DA:99,1
DA:104,1
DA:110,0
DA:111,0
DA:113,0
DA:120,1
DA:121,1
DA:122,1
DA:124,1
DA:125,1
DA:126,1
DA:128,1
DA:135,1
DA:139,1
DA:141,1
DA:142,0
DA:152,1
DA:154,1
DA:160,0
DA:161,0
DA:163,0
DA:170,1
DA:171,1
DA:173,1
DA:174,1
DA:176,1
DA:181,0
DA:182,0
DA:184,0
LF:63
LH:45
BRDA:30,0,0,0
BRDA:44,1,0,0
BRDA:61,2,0,0
BRDA:81,3,0,0
BRDA:98,4,0,1
BRDA:110,5,0,0
BRDA:141,6,0,0
BRDA:160,7,0,0
BRDA:181,8,0,0
BRF:9
BRH:1
end_of_record
TN:
SF:src/database/prisma.ts
FNF:0
FNH:0
DA:1,1
DA:2,1
DA:4,1
LF:3
LH:3
BRF:0
BRH:0
end_of_record
TN:
SF:src/middlewares/error-handler.ts
FN:11,logError
FN:15,(anonymous_2)
FN:25,(anonymous_3)
FN:37,(anonymous_4)
FNF:4
FNH:3
FNDA:1,logError
FNDA:1,(anonymous_2)
FNDA:1,(anonymous_3)
FNDA:0,(anonymous_4)
DA:8,1
DA:9,1
DA:11,1
DA:12,1
DA:15,1
DA:21,1
DA:22,1
DA:25,1
DA:26,1
DA:27,0
DA:30,1
DA:31,1
DA:37,1
DA:38,0
DA:39,0
DA:48,0
DA:49,0
DA:51,0
LF:18
LH:12
BRDA:26,0,0,0
BRDA:30,1,0,1
BRDA:30,1,1,1
BRDA:30,1,2,1
BRDA:30,1,3,0
BRDA:30,2,0,0
BRDA:30,2,1,1
BRDA:30,3,0,1
BRDA:30,3,1,1
BRDA:30,4,0,0
BRDA:30,4,1,1
BRDA:30,5,0,1
BRDA:30,5,1,1
BRDA:33,6,0,1
BRDA:33,6,1,0
BRDA:48,7,0,0
BRF:16
BRH:10
end_of_record
TN:
SF:src/middlewares/validator.ts
FNF:0
FNH:0
DA:1,1
DA:3,1
DA:17,1
DA:36,1
DA:62,1
LF:5
LH:5
BRF:0
BRH:0
end_of_record
TN:
SF:src/middlewares/verify-token.ts
FN:14,(anonymous_1)
FN:18,(anonymous_2)
FN:56,(anonymous_3)
FN:57,(anonymous_4)
FNF:4
FNH:4
FNDA:3,(anonymous_1)
FNDA:3,(anonymous_2)
FNDA:3,(anonymous_3)
FNDA:3,(anonymous_4)
DA:2,1
DA:3,1
DA:4,1
DA:5,1
DA:7,1
DA:14,1
DA:15,3
DA:17,3
DA:18,3
DA:19,3
DA:20,0
DA:25,3
DA:26,3
DA:27,3
DA:30,0
DA:56,1
DA:57,3
DA:58,3
DA:60,3
DA:61,0
DA:69,3
LF:21
LH:18
BRDA:17,0,0,3
BRDA:17,0,1,0
BRDA:19,1,0,0
BRDA:60,2,0,0
BRDA:60,3,0,0
BRDA:60,3,1,3
BRDA:60,4,0,3
BRDA:60,4,1,3
BRF:8
BRH:4
end_of_record
TN:
SF:src/repositories/auth-repository.ts
FN:9,(anonymous_0)
FN:22,(anonymous_1)
FNF:2
FNH:1
FNDA:1,(anonymous_0)
FNDA:0,(anonymous_1)
DA:1,1
DA:9,1
DA:10,1
DA:22,1
DA:26,0
LF:5
LH:4
BRDA:28,0,0,0
BRDA:28,0,1,0
BRDA:28,1,0,0
BRDA:28,1,1,0
BRDA:29,2,0,0
BRDA:29,2,1,0
BRDA:29,3,0,0
BRDA:29,3,1,0
BRF:8
BRH:0
end_of_record
TN:
SF:src/repositories/author-repository.ts
FN:8,(anonymous_0)
FN:17,(anonymous_1)
FN:30,(anonymous_2)
FN:50,(anonymous_3)
FN:79,(anonymous_4)
FNF:5
FNH:0
FNDA:0,(anonymous_0)
FNDA:0,(anonymous_1)
FNDA:0,(anonymous_2)
FNDA:0,(anonymous_3)
FNDA:0,(anonymous_4)
DA:1,1
DA:8,1
DA:9,0
DA:17,1
DA:18,0
DA:30,1
DA:35,0
DA:50,1
DA:54,0
DA:57,0
DA:58,0
DA:62,0
DA:71,0
DA:79,1
DA:80,0
DA:81,0
LF:16
LH:6
BRDA:57,0,0,0
BRDA:65,1,0,0
BRDA:65,1,1,0
BRDA:65,2,0,0
BRDA:65,2,1,0
BRDA:66,3,0,0
BRDA:66,3,1,0
BRDA:66,4,0,0
BRDA:66,4,1,0
BRDA:67,5,0,0
BRDA:67,5,1,0
BRDA:67,6,0,0
BRDA:67,6,1,0
BRF:13
BRH:0
end_of_record
TN:
SF:src/repositories/book-repository.ts
FN:8,(anonymous_0)
FN:17,(anonymous_1)
FN:30,(anonymous_2)
FN:54,(anonymous_3)
FN:85,(anonymous_4)
FNF:5
FNH:0
FNDA:0,(anonymous_0)
FNDA:0,(anonymous_1)
FNDA:0,(anonymous_2)
FNDA:0,(anonymous_3)
FNDA:0,(anonymous_4)
DA:1,1
DA:8,1
DA:9,0
DA:17,1
DA:18,0
DA:30,1
DA:37,0
DA:54,1
DA:58,0
DA:61,0
DA:62,0
DA:66,0
DA:77,0
DA:85,1
DA:86,0
DA:87,0
LF:16
LH:6
BRDA:61,0,0,0
BRDA:69,1,0,0
BRDA:69,1,1,0
BRDA:69,2,0,0
BRDA:69,2,1,0
BRDA:70,3,0,0
BRDA:70,3,1,0
BRDA:70,4,0,0
BRDA:70,4,1,0
BRDA:71,5,0,0
BRDA:71,5,1,0
BRDA:71,6,0,0
BRDA:71,6,1,0
BRDA:72,7,0,0
BRDA:72,7,1,0
BRDA:72,8,0,0
BRDA:72,8,1,0
BRDA:73,9,0,0
BRDA:73,9,1,0
BRDA:73,10,0,0
BRDA:73,10,1,0
BRF:21
BRH:0
end_of_record
TN:
SF:src/repositories/borrow-record-repository.ts
FN:8,(anonymous_0)
FN:17,(anonymous_1)
FN:32,(anonymous_2)
FN:54,(anonymous_3)
FN:84,(anonymous_4)
FNF:5
FNH:5
FNDA:1,(anonymous_0)
FNDA:4,(anonymous_1)
FNDA:1,(anonymous_2)
FNDA:1,(anonymous_3)
FNDA:1,(anonymous_4)
DA:1,1
DA:8,1
DA:9,1
DA:17,1
DA:20,4
DA:32,1
DA:38,1
DA:54,1
DA:58,1
DA:61,1
DA:62,0
DA:66,1
DA:76,1
DA:84,1
DA:85,1
DA:86,1
LF:16
LH:15
BRDA:61,0,0,0
BRDA:69,1,0,0
BRDA:69,1,1,1
BRDA:69,2,0,1
BRDA:69,2,1,1
BRDA:70,3,0,1
BRDA:70,3,1,0
BRDA:70,4,0,1
BRDA:70,4,1,1
BRDA:71,5,0,1
BRDA:71,5,1,0
BRDA:71,6,0,1
BRDA:71,6,1,1
BRDA:72,7,0,1
BRDA:72,7,1,0
BRDA:72,8,0,1
BRDA:72,8,1,1
BRF:17
BRH:12
end_of_record
TN:
SF:src/routes/api-doc-route.ts
FN:6,(anonymous_0)
FNF:1
FNH:0
FNDA:0,(anonymous_0)
DA:1,1
DA:2,1
DA:4,1
DA:6,1
DA:7,0
DA:8,0
DA:10,0
DA:11,0
DA:13,0
DA:17,1
DA:19,1
LF:11
LH:6
BRDA:10,0,0,0
BRF:1
BRH:0
end_of_record
TN:
SF:src/routes/auth-route.ts
FNF:0
FNH:0
DA:1,1
DA:2,1
DA:3,1
DA:5,1
DA:7,1
DA:8,1
DA:9,1
DA:11,1
LF:8
LH:8
BRF:0
BRH:0
end_of_record
TN:
SF:src/routes/author-route.ts
FNF:0
FNH:0
DA:1,1
DA:2,1
DA:9,1
DA:10,1
DA:12,1
DA:14,1
DA:15,1
DA:16,1
DA:17,1
DA:18,1
DA:20,1
LF:11
LH:11
BRF:0
BRH:0
end_of_record
TN:
SF:src/routes/book-route.ts
FNF:0
FNH:0
DA:1,1
DA:2,1
DA:9,1
DA:10,1
DA:12,1
DA:14,1
DA:15,1
DA:16,1
DA:17,1
DA:18,1
DA:20,1
LF:11
LH:11
BRF:0
BRH:0
end_of_record
TN:
SF:src/routes/borrow-record-route.ts
FNF:0
FNH:0
DA:1,1
DA:2,1
DA:9,1
DA:10,1
DA:12,1
DA:14,1
DA:15,1
DA:16,1
DA:17,1
DA:18,1
DA:20,1
LF:11
LH:11
BRF:0
BRH:0
end_of_record
TN:
SF:src/routes/test-route.ts
FN:6,(anonymous_0)
FNF:1
FNH:0
FNDA:0,(anonymous_0)
DA:1,1
DA:2,1
DA:4,1
DA:6,1
DA:7,0
DA:8,0
DA:13,0
DA:14,0
DA:16,0
DA:20,1
DA:22,1
LF:11
LH:6
BRDA:13,0,0,0
BRF:1
BRH:0
end_of_record
TN:
SF:src/services/auth-service.ts
FN:12,(anonymous_0)
FN:21,(anonymous_1)
FNF:2
FNH:1
FNDA:1,(anonymous_0)
FNDA:0,(anonymous_1)
DA:2,1
DA:12,1
DA:13,1
DA:21,1
DA:25,0
LF:5
LH:4
BRF:0
BRH:0
end_of_record
TN:
SF:src/services/author-service.ts
FN:14,(anonymous_0)
FN:23,(anonymous_1)
FN:32,(anonymous_2)
FN:46,(anonymous_3)
FN:58,(anonymous_4)
FNF:5
FNH:0
FNDA:0,(anonymous_0)
FNDA:0,(anonymous_1)
FNDA:0,(anonymous_2)
FNDA:0,(anonymous_3)
FNDA:0,(anonymous_4)
DA:2,1
DA:14,1
DA:15,0
DA:23,1
DA:24,0
DA:32,1
DA:37,0
DA:46,1
DA:50,0
DA:58,1
DA:59,0
LF:11
LH:6
BRF:0
BRH:0
end_of_record
TN:
SF:src/services/book-service.ts
FN:14,(anonymous_0)
FN:23,(anonymous_1)
FN:32,(anonymous_2)
FN:48,(anonymous_3)
FN:60,(anonymous_4)
FNF:5
FNH:0
FNDA:0,(anonymous_0)
FNDA:0,(anonymous_1)
FNDA:0,(anonymous_2)
FNDA:0,(anonymous_3)
FNDA:0,(anonymous_4)
DA:2,1
DA:14,1
DA:15,0
DA:23,1
DA:24,0
DA:32,1
DA:39,0
DA:48,1
DA:52,0
DA:60,1
DA:61,0
LF:11
LH:6
BRF:0
BRH:0
end_of_record
TN:
SF:src/services/borrow-record-service.ts
FN:14,(anonymous_0)
FN:23,(anonymous_1)
FN:34,(anonymous_2)
FN:49,(anonymous_3)
FN:61,(anonymous_4)
FNF:5
FNH:5
FNDA:1,(anonymous_0)
FNDA:3,(anonymous_1)
FNDA:1,(anonymous_2)
FNDA:1,(anonymous_3)
FNDA:1,(anonymous_4)
DA:2,1
DA:14,1
DA:15,1
DA:23,1
DA:26,3
DA:34,1
DA:40,1
DA:49,1
DA:53,1
DA:61,1
DA:62,1
LF:11
LH:11
BRF:0
BRH:0
end_of_record
TN:
SF:src/utils/base-error.ts
FN:2,(anonymous_0)
FNF:1
FNH:1
FNDA:1,(anonymous_0)
DA:2,1
DA:3,1
DA:4,1
DA:5,1
DA:8,1
LF:5
LH:5
BRF:0
BRH:0
end_of_record
TN:
SF:src/utils/http-status-codes.ts
FNF:0
FNH:0
DA:1,1
LF:1
LH:1
BRF:0
BRH:0
end_of_record
