TN:
SF:src/app.ts
FNF:0
FNH:0
DA:1,1
DA:2,1
DA:3,1
DA:5,1
DA:6,1
DA:7,1
DA:8,1
DA:9,1
DA:10,1
DA:12,1
DA:24,1
DA:41,1
DA:42,1
DA:45,1
DA:46,1
DA:47,1
DA:49,1
DA:50,1
DA:51,1
DA:52,1
DA:53,1
DA:54,1
DA:56,1
DA:57,1
DA:58,1
DA:59,1
LF:26
LH:26
BRF:0
BRH:0
end_of_record
TN:
SF:src/controllers/auth-controller.ts
FN:16,(anonymous_1)
FN:70,(anonymous_2)
FN:142,(anonymous_3)
FNF:3
FNH:1
FNDA:0,(anonymous_1)
FNDA:1,(anonymous_2)
FNDA:0,(anonymous_3)
DA:2,1
DA:3,1
DA:4,1
DA:5,1
DA:6,1
DA:7,1
DA:9,1
DA:11,1
DA:16,1
DA:17,0
DA:19,0
DA:20,0
DA:21,0
DA:22,0
DA:25,0
DA:27,0
DA:28,0
DA:36,0
DA:37,0
DA:39,0
DA:44,0
DA:46,0
DA:47,0
DA:52,0
DA:54,0
DA:60,0
DA:61,0
DA:63,0
DA:70,1
DA:71,1
DA:72,1
DA:74,1
DA:75,1
DA:77,1
DA:78,0
DA:86,1
DA:91,1
DA:92,0
DA:101,1
DA:102,1
DA:103,0
DA:106,1
DA:116,1
DA:124,1
DA:126,1
DA:132,0
DA:133,0
DA:135,0
DA:142,1
DA:143,0
LF:50
LH:24
BRDA:21,0,0,0
BRDA:27,1,0,0
BRDA:46,2,0,0
BRDA:60,3,0,0
BRDA:77,4,0,0
BRDA:91,5,0,0
BRDA:102,6,0,0
BRDA:132,7,0,0
BRF:8
BRH:0
end_of_record
TN:
SF:src/controllers/author-controller.ts
FN:24,(anonymous_1)
FN:67,(anonymous_2)
FN:88,(anonymous_3)
FN:115,(anonymous_4)
FN:158,(anonymous_5)
FNF:5
FNH:0
FNDA:0,(anonymous_1)
FNDA:0,(anonymous_2)
FNDA:0,(anonymous_3)
FNDA:0,(anonymous_4)
FNDA:0,(anonymous_5)
DA:2,1
DA:3,1
DA:4,1
DA:5,1
DA:13,1
DA:24,1
DA:25,0
DA:27,0
DA:28,0
DA:29,0
DA:30,0
DA:33,0
DA:39,0
DA:40,0
DA:42,0
DA:43,0
DA:49,0
DA:51,0
DA:57,0
DA:58,0
DA:60,0
DA:67,1
DA:68,0
DA:69,0
DA:70,0
DA:72,0
DA:78,0
DA:79,0
DA:81,0
DA:88,1
DA:89,0
DA:91,0
DA:92,0
DA:93,0
DA:95,0
DA:96,0
DA:99,0
DA:105,0
DA:106,0
DA:108,0
DA:115,1
DA:117,0
DA:119,0
DA:121,0
DA:122,0
DA:123,0
DA:125,0
DA:131,0
DA:132,0
DA:134,0
DA:135,0
DA:140,0
DA:142,0
DA:148,0
DA:149,0
DA:151,0
DA:158,1
DA:159,0
DA:161,0
DA:162,0
DA:164,0
DA:169,0
DA:170,0
DA:172,0
LF:64
LH:10
BRDA:29,0,0,0
BRDA:42,1,0,0
BRDA:57,2,0,0
BRDA:78,3,0,0
BRDA:95,4,0,0
BRDA:105,5,0,0
BRDA:134,6,0,0
BRDA:148,7,0,0
BRDA:169,8,0,0
BRF:9
BRH:0
end_of_record
TN:
SF:src/controllers/book-controller.ts
FN:24,(anonymous_1)
FN:69,(anonymous_2)
FN:90,(anonymous_3)
FN:117,(anonymous_4)
FN:162,(anonymous_5)
FNF:5
FNH:2
FNDA:1,(anonymous_1)
FNDA:0,(anonymous_2)
FNDA:1,(anonymous_3)
FNDA:0,(anonymous_4)
FNDA:0,(anonymous_5)
DA:2,1
DA:3,1
DA:4,1
DA:13,1
DA:24,1
DA:25,1
DA:27,1
DA:28,1
DA:29,1
DA:30,0
DA:33,1
DA:41,1
DA:42,1
DA:44,1
DA:45,0
DA:51,1
DA:53,1
DA:59,0
DA:60,0
DA:62,0
DA:69,1
DA:70,0
DA:71,0
DA:72,0
DA:74,0
DA:80,0
DA:81,0
DA:83,0
DA:90,1
DA:91,1
DA:93,1
DA:94,1
DA:95,1
DA:97,1
DA:98,0
DA:101,1
DA:107,0
DA:108,0
DA:110,0
DA:117,1
DA:119,0
DA:120,0
DA:122,0
DA:123,0
DA:124,0
DA:126,0
DA:135,0
DA:136,0
DA:138,0
DA:139,0
DA:144,0
DA:146,0
DA:152,0
DA:153,0
DA:155,0
DA:162,1
DA:163,0
DA:165,0
DA:166,0
DA:168,0
DA:173,0
DA:174,0
DA:176,0
LF:63
LH:25
BRDA:29,0,0,0
BRDA:44,1,0,0
BRDA:59,2,0,0
BRDA:80,3,0,0
BRDA:97,4,0,0
BRDA:107,5,0,0
BRDA:138,6,0,0
BRDA:152,7,0,0
BRDA:173,8,0,0
BRF:9
BRH:0
end_of_record
TN:
SF:src/controllers/borrow-record-controller.ts
FN:25,(anonymous_1)
FN:72,(anonymous_2)
FN:93,(anonymous_3)
FN:120,(anonymous_4)
FN:174,(anonymous_5)
FNF:5
FNH:0
FNDA:0,(anonymous_1)
FNDA:0,(anonymous_2)
FNDA:0,(anonymous_3)
FNDA:0,(anonymous_4)
FNDA:0,(anonymous_5)
DA:2,1
DA:3,1
DA:4,1
DA:5,1
DA:14,1
DA:25,1
DA:27,0
DA:29,0
DA:30,0
DA:31,0
DA:32,0
DA:35,0
DA:44,0
DA:45,0
DA:47,0
DA:48,0
DA:54,0
DA:56,0
DA:62,0
DA:63,0
DA:65,0
DA:72,1
DA:73,0
DA:74,0
DA:75,0
DA:77,0
DA:83,0
DA:84,0
DA:86,0
DA:93,1
DA:94,0
DA:96,0
DA:97,0
DA:98,0
DA:100,0
DA:101,0
DA:104,0
DA:110,0
DA:111,0
DA:113,0
DA:120,1
DA:122,0
DA:124,0
DA:126,0
DA:127,0
DA:128,0
DA:130,0
DA:139,0
DA:143,0
DA:145,0
DA:146,0
DA:156,0
DA:158,0
DA:164,0
DA:165,0
DA:167,0
DA:174,1
DA:175,0
DA:177,0
DA:178,0
DA:180,0
DA:185,0
DA:186,0
DA:188,0
LF:64
LH:10
BRDA:31,0,0,0
BRDA:47,1,0,0
BRDA:62,2,0,0
BRDA:83,3,0,0
BRDA:100,4,0,0
BRDA:110,5,0,0
BRDA:145,6,0,0
BRDA:164,7,0,0
BRDA:185,8,0,0
BRF:9
BRH:0
end_of_record
TN:
SF:src/database/prisma.ts
FNF:0
FNH:0
DA:1,1
DA:2,1
DA:4,1
LF:3
LH:3
BRF:0
BRH:0
end_of_record
TN:
SF:src/middlewares/error-handler.ts
FN:11,logError
FN:15,(anonymous_2)
FN:25,(anonymous_3)
FN:37,(anonymous_4)
FNF:4
FNH:0
FNDA:0,logError
FNDA:0,(anonymous_2)
FNDA:0,(anonymous_3)
FNDA:0,(anonymous_4)
DA:8,1
DA:9,1
DA:11,1
DA:12,0
DA:15,1
DA:21,0
DA:22,0
DA:25,1
DA:26,0
DA:27,0
DA:30,0
DA:31,0
DA:37,1
DA:38,0
DA:39,0
DA:48,0
DA:49,0
DA:51,0
LF:18
LH:6
BRDA:26,0,0,0
BRDA:30,1,0,0
BRDA:30,1,1,0
BRDA:33,2,0,0
BRDA:33,2,1,0
BRDA:48,3,0,0
BRF:6
BRH:0
end_of_record
TN:
SF:src/middlewares/validator.ts
FNF:0
FNH:0
DA:1,1
DA:3,1
DA:17,1
DA:36,1
DA:62,1
LF:5
LH:5
BRF:0
BRH:0
end_of_record
TN:
SF:src/middlewares/verify-token.ts
FN:14,(anonymous_1)
FN:19,(anonymous_2)
FN:57,(anonymous_3)
FN:58,(anonymous_4)
FNF:4
FNH:4
FNDA:1,(anonymous_1)
FNDA:1,(anonymous_2)
FNDA:1,(anonymous_3)
FNDA:1,(anonymous_4)
DA:2,1
DA:3,1
DA:4,1
DA:5,1
DA:7,1
DA:14,1
DA:16,1
DA:18,1
DA:19,1
DA:20,1
DA:21,0
DA:26,1
DA:27,1
DA:28,1
DA:31,0
DA:57,1
DA:58,1
DA:59,1
DA:61,1
DA:62,0
DA:70,1
LF:21
LH:18
BRDA:18,0,0,1
BRDA:18,0,1,0
BRDA:20,1,0,0
BRDA:61,2,0,0
BRDA:61,3,0,0
BRDA:61,3,1,1
BRDA:61,4,0,1
BRDA:61,4,1,1
BRF:8
BRH:4
end_of_record
TN:
SF:src/repositories/auth-repository.ts
FN:9,(anonymous_0)
FN:22,(anonymous_1)
FNF:2
FNH:1
FNDA:1,(anonymous_0)
FNDA:0,(anonymous_1)
DA:1,1
DA:9,1
DA:10,1
DA:22,1
DA:26,0
LF:5
LH:4
BRDA:28,0,0,0
BRDA:28,0,1,0
BRDA:28,1,0,0
BRDA:28,1,1,0
BRDA:29,2,0,0
BRDA:29,2,1,0
BRDA:29,3,0,0
BRDA:29,3,1,0
BRF:8
BRH:0
end_of_record
TN:
SF:src/repositories/author-repository.ts
FN:8,(anonymous_0)
FN:17,(anonymous_1)
FN:30,(anonymous_2)
FN:50,(anonymous_3)
FN:79,(anonymous_4)
FNF:5
FNH:0
FNDA:0,(anonymous_0)
FNDA:0,(anonymous_1)
FNDA:0,(anonymous_2)
FNDA:0,(anonymous_3)
FNDA:0,(anonymous_4)
DA:1,1
DA:8,1
DA:9,0
DA:17,1
DA:18,0
DA:30,1
DA:35,0
DA:50,1
DA:54,0
DA:57,0
DA:58,0
DA:62,0
DA:71,0
DA:79,1
DA:80,0
DA:81,0
LF:16
LH:6
BRDA:57,0,0,0
BRDA:65,1,0,0
BRDA:65,1,1,0
BRDA:65,2,0,0
BRDA:65,2,1,0
BRDA:66,3,0,0
BRDA:66,3,1,0
BRDA:66,4,0,0
BRDA:66,4,1,0
BRDA:67,5,0,0
BRDA:67,5,1,0
BRDA:67,6,0,0
BRDA:67,6,1,0
BRF:13
BRH:0
end_of_record
TN:
SF:src/repositories/book-repository.ts
FN:8,(anonymous_0)
FN:17,(anonymous_1)
FN:30,(anonymous_2)
FN:54,(anonymous_3)
FN:85,(anonymous_4)
FNF:5
FNH:2
FNDA:0,(anonymous_0)
FNDA:1,(anonymous_1)
FNDA:1,(anonymous_2)
FNDA:0,(anonymous_3)
FNDA:0,(anonymous_4)
DA:1,1
DA:8,1
DA:9,0
DA:17,1
DA:18,1
DA:30,1
DA:37,1
DA:54,1
DA:58,0
DA:61,0
DA:62,0
DA:66,0
DA:77,0
DA:85,1
DA:86,0
DA:87,0
LF:16
LH:8
BRDA:61,0,0,0
BRDA:69,1,0,0
BRDA:69,1,1,0
BRDA:69,2,0,0
BRDA:69,2,1,0
BRDA:70,3,0,0
BRDA:70,3,1,0
BRDA:70,4,0,0
BRDA:70,4,1,0
BRDA:71,5,0,0
BRDA:71,5,1,0
BRDA:71,6,0,0
BRDA:71,6,1,0
BRDA:72,7,0,0
BRDA:72,7,1,0
BRDA:72,8,0,0
BRDA:72,8,1,0
BRDA:73,9,0,0
BRDA:73,9,1,0
BRDA:73,10,0,0
BRDA:73,10,1,0
BRF:21
BRH:0
end_of_record
TN:
SF:src/repositories/borrow-record-repository.ts
FN:8,(anonymous_0)
FN:17,(anonymous_1)
FN:32,(anonymous_2)
FN:54,(anonymous_3)
FN:84,(anonymous_4)
FNF:5
FNH:0
FNDA:0,(anonymous_0)
FNDA:0,(anonymous_1)
FNDA:0,(anonymous_2)
FNDA:0,(anonymous_3)
FNDA:0,(anonymous_4)
DA:1,1
DA:8,1
DA:9,0
DA:17,1
DA:20,0
DA:32,1
DA:38,0
DA:54,1
DA:58,0
DA:61,0
DA:62,0
DA:66,0
DA:76,0
DA:84,1
DA:85,0
DA:86,0
LF:16
LH:6
BRDA:61,0,0,0
BRDA:69,1,0,0
BRDA:69,1,1,0
BRDA:69,2,0,0
BRDA:69,2,1,0
BRDA:70,3,0,0
BRDA:70,3,1,0
BRDA:70,4,0,0
BRDA:70,4,1,0
BRDA:71,5,0,0
BRDA:71,5,1,0
BRDA:71,6,0,0
BRDA:71,6,1,0
BRDA:72,7,0,0
BRDA:72,7,1,0
BRDA:72,8,0,0
BRDA:72,8,1,0
BRF:17
BRH:0
end_of_record
TN:
SF:src/routes/api-doc-route.ts
FN:6,(anonymous_0)
FNF:1
FNH:0
FNDA:0,(anonymous_0)
DA:1,1
DA:2,1
DA:4,1
DA:6,1
DA:7,0
DA:8,0
DA:10,0
DA:11,0
DA:13,0
DA:17,1
DA:19,1
LF:11
LH:6
BRDA:10,0,0,0
BRF:1
BRH:0
end_of_record
TN:
SF:src/routes/auth-route.ts
FNF:0
FNH:0
DA:1,1
DA:2,1
DA:3,1
DA:5,1
DA:7,1
DA:8,1
DA:9,1
DA:11,1
LF:8
LH:8
BRF:0
BRH:0
end_of_record
TN:
SF:src/routes/author-route.ts
FNF:0
FNH:0
DA:1,1
DA:2,1
DA:9,1
DA:10,1
DA:12,1
DA:14,1
DA:15,1
DA:16,1
DA:17,1
DA:23,1
DA:25,1
LF:11
LH:11
BRF:0
BRH:0
end_of_record
TN:
SF:src/routes/book-route.ts
FNF:0
FNH:0
DA:1,1
DA:2,1
DA:9,1
DA:10,1
DA:12,1
DA:14,1
DA:15,1
DA:16,1
DA:17,1
DA:18,1
DA:20,1
LF:11
LH:11
BRF:0
BRH:0
end_of_record
TN:
SF:src/routes/borrow-record-route.ts
FNF:0
FNH:0
DA:1,1
DA:2,1
DA:9,1
DA:10,1
DA:12,1
DA:14,1
DA:15,1
DA:16,1
DA:17,1
DA:18,1
DA:20,1
LF:11
LH:11
BRF:0
BRH:0
end_of_record
TN:
SF:src/routes/test-route.ts
FN:6,(anonymous_0)
FNF:1
FNH:0
FNDA:0,(anonymous_0)
DA:1,1
DA:2,1
DA:4,1
DA:6,1
DA:7,0
DA:8,0
DA:13,0
DA:14,0
DA:16,0
DA:20,1
DA:22,1
LF:11
LH:6
BRDA:13,0,0,0
BRF:1
BRH:0
end_of_record
TN:
SF:src/services/auth-service.ts
FN:12,(anonymous_0)
FN:21,(anonymous_1)
FNF:2
FNH:1
FNDA:1,(anonymous_0)
FNDA:0,(anonymous_1)
DA:2,1
DA:12,1
DA:13,1
DA:21,1
DA:25,0
LF:5
LH:4
BRF:0
BRH:0
end_of_record
TN:
SF:src/services/author-service.ts
FN:14,(anonymous_0)
FN:23,(anonymous_1)
FN:32,(anonymous_2)
FN:46,(anonymous_3)
FN:58,(anonymous_4)
FNF:5
FNH:0
FNDA:0,(anonymous_0)
FNDA:0,(anonymous_1)
FNDA:0,(anonymous_2)
FNDA:0,(anonymous_3)
FNDA:0,(anonymous_4)
DA:2,1
DA:14,1
DA:15,0
DA:23,1
DA:24,0
DA:32,1
DA:37,0
DA:46,1
DA:50,0
DA:58,1
DA:59,0
LF:11
LH:6
BRF:0
BRH:0
end_of_record
TN:
SF:src/services/book-service.ts
FN:14,(anonymous_0)
FN:23,(anonymous_1)
FN:32,(anonymous_2)
FN:48,(anonymous_3)
FN:60,(anonymous_4)
FNF:5
FNH:2
FNDA:0,(anonymous_0)
FNDA:1,(anonymous_1)
FNDA:1,(anonymous_2)
FNDA:0,(anonymous_3)
FNDA:0,(anonymous_4)
DA:2,1
DA:14,1
DA:15,0
DA:23,1
DA:24,1
DA:32,1
DA:39,1
DA:48,1
DA:52,0
DA:60,1
DA:61,0
LF:11
LH:8
BRF:0
BRH:0
end_of_record
TN:
SF:src/services/borrow-record-service.ts
FN:14,(anonymous_0)
FN:23,(anonymous_1)
FN:34,(anonymous_2)
FN:49,(anonymous_3)
FN:61,(anonymous_4)
FNF:5
FNH:0
FNDA:0,(anonymous_0)
FNDA:0,(anonymous_1)
FNDA:0,(anonymous_2)
FNDA:0,(anonymous_3)
FNDA:0,(anonymous_4)
DA:2,1
DA:14,1
DA:15,0
DA:23,1
DA:26,0
DA:34,1
DA:40,0
DA:49,1
DA:53,0
DA:61,1
DA:62,0
LF:11
LH:6
BRF:0
BRH:0
end_of_record
TN:
SF:src/utils/base-error.ts
FN:2,(anonymous_0)
FNF:1
FNH:0
FNDA:0,(anonymous_0)
DA:2,0
DA:3,0
DA:4,0
DA:5,0
DA:8,1
LF:5
LH:1
BRF:0
BRH:0
end_of_record
TN:
SF:src/utils/http-status-codes.ts
FNF:0
FNH:0
DA:1,1
LF:1
LH:1
BRF:0
BRH:0
end_of_record
